{"D:\\2 - Hacktiv8\\Phase 3\\wismaloka\\wismaloka\\server\\services\\users\\app.js": {"path":"D:\\2 - Hacktiv8\\Phase 3\\wismaloka\\wismaloka\\server\\services\\users\\app.js","statementMap":{"0":{"start":{"line":1,"column":0},"end":{"line":3,"column":1}},"1":{"start":{"line":2,"column":2},"end":{"line":2,"column":28}},"2":{"start":{"line":4,"column":16},"end":{"line":4,"column":34}},"3":{"start":{"line":5,"column":12},"end":{"line":5,"column":21}},"4":{"start":{"line":6,"column":13},"end":{"line":6,"column":28}},"5":{"start":{"line":7,"column":14},"end":{"line":7,"column":39}},"6":{"start":{"line":8,"column":18},"end":{"line":8,"column":53}},"7":{"start":{"line":11,"column":0},"end":{"line":11,"column":16}},"8":{"start":{"line":12,"column":0},"end":{"line":12,"column":24}},"9":{"start":{"line":13,"column":0},"end":{"line":13,"column":48}},"10":{"start":{"line":14,"column":0},"end":{"line":14,"column":20}},"11":{"start":{"line":16,"column":0},"end":{"line":16,"column":19}},"12":{"start":{"line":20,"column":0},"end":{"line":20,"column":20}}},"fnMap":{},"branchMap":{"0":{"loc":{"start":{"line":1,"column":0},"end":{"line":3,"column":1}},"type":"if","locations":[{"start":{"line":1,"column":0},"end":{"line":3,"column":1}},{"start":{},"end":{}}],"line":1}},"s":{"0":1,"1":1,"2":1,"3":1,"4":1,"5":1,"6":1,"7":1,"8":1,"9":1,"10":1,"11":1,"12":1},"f":{},"b":{"0":[1,0]},"_coverageSchema":"1a1c01bbd47fc00a2c39e90264f33305004495a9","hash":"edeac43b8225dae5414cf41b5be90048abd53a8e"}
,"D:\\2 - Hacktiv8\\Phase 3\\wismaloka\\wismaloka\\server\\services\\users\\controlllers\\userController.js": {"path":"D:\\2 - Hacktiv8\\Phase 3\\wismaloka\\wismaloka\\server\\services\\users\\controlllers\\userController.js","statementMap":{"0":{"start":{"line":1,"column":24},"end":{"line":1,"column":52}},"1":{"start":{"line":2,"column":24},"end":{"line":2,"column":49}},"2":{"start":{"line":3,"column":21},"end":{"line":3,"column":59}},"3":{"start":{"line":4,"column":28},"end":{"line":4,"column":54}},"4":{"start":{"line":5,"column":13},"end":{"line":5,"column":43}},"5":{"start":{"line":10,"column":4},"end":{"line":71,"column":5}},"6":{"start":{"line":11,"column":57},"end":{"line":11,"column":65}},"7":{"start":{"line":14,"column":6},"end":{"line":65,"column":7}},"8":{"start":{"line":15,"column":41},"end":{"line":15,"column":49}},"9":{"start":{"line":17,"column":23},"end":{"line":17,"column":59}},"10":{"start":{"line":18,"column":28},"end":{"line":18,"column":43}},"11":{"start":{"line":19,"column":24},"end":{"line":27,"column":10}},"12":{"start":{"line":29,"column":8},"end":{"line":31,"column":11}},"13":{"start":{"line":33,"column":8},"end":{"line":41,"column":11}},"14":{"start":{"line":43,"column":24},"end":{"line":50,"column":10}},"15":{"start":{"line":52,"column":8},"end":{"line":54,"column":11}},"16":{"start":{"line":56,"column":8},"end":{"line":64,"column":11}},"17":{"start":{"line":69,"column":6},"end":{"line":69,"column":25}},"18":{"start":{"line":70,"column":6},"end":{"line":70,"column":18}},"19":{"start":{"line":76,"column":4},"end":{"line":134,"column":5}},"20":{"start":{"line":77,"column":57},"end":{"line":77,"column":65}},"21":{"start":{"line":78,"column":6},"end":{"line":130,"column":7}},"22":{"start":{"line":79,"column":41},"end":{"line":79,"column":49}},"23":{"start":{"line":81,"column":23},"end":{"line":81,"column":59}},"24":{"start":{"line":82,"column":28},"end":{"line":82,"column":43}},"25":{"start":{"line":84,"column":24},"end":{"line":92,"column":10}},"26":{"start":{"line":94,"column":8},"end":{"line":96,"column":11}},"27":{"start":{"line":98,"column":8},"end":{"line":106,"column":11}},"28":{"start":{"line":108,"column":24},"end":{"line":115,"column":10}},"29":{"start":{"line":117,"column":8},"end":{"line":119,"column":11}},"30":{"start":{"line":121,"column":8},"end":{"line":129,"column":11}},"31":{"start":{"line":132,"column":6},"end":{"line":132,"column":25}},"32":{"start":{"line":133,"column":6},"end":{"line":133,"column":18}},"33":{"start":{"line":139,"column":4},"end":{"line":197,"column":5}},"34":{"start":{"line":140,"column":57},"end":{"line":140,"column":65}},"35":{"start":{"line":142,"column":6},"end":{"line":194,"column":7}},"36":{"start":{"line":143,"column":41},"end":{"line":143,"column":49}},"37":{"start":{"line":145,"column":23},"end":{"line":145,"column":59}},"38":{"start":{"line":146,"column":28},"end":{"line":146,"column":43}},"39":{"start":{"line":148,"column":24},"end":{"line":156,"column":10}},"40":{"start":{"line":158,"column":8},"end":{"line":160,"column":11}},"41":{"start":{"line":162,"column":8},"end":{"line":170,"column":11}},"42":{"start":{"line":172,"column":24},"end":{"line":179,"column":10}},"43":{"start":{"line":181,"column":8},"end":{"line":183,"column":11}},"44":{"start":{"line":185,"column":8},"end":{"line":193,"column":11}},"45":{"start":{"line":196,"column":6},"end":{"line":196,"column":18}},"46":{"start":{"line":202,"column":4},"end":{"line":241,"column":5}},"47":{"start":{"line":203,"column":34},"end":{"line":203,"column":42}},"48":{"start":{"line":205,"column":22},"end":{"line":209,"column":8}},"49":{"start":{"line":211,"column":6},"end":{"line":213,"column":7}},"50":{"start":{"line":212,"column":8},"end":{"line":212,"column":44}},"51":{"start":{"line":214,"column":6},"end":{"line":216,"column":7}},"52":{"start":{"line":215,"column":8},"end":{"line":215,"column":47}},"53":{"start":{"line":218,"column":6},"end":{"line":220,"column":7}},"54":{"start":{"line":219,"column":8},"end":{"line":219,"column":30}},"55":{"start":{"line":221,"column":27},"end":{"line":221,"column":66}},"56":{"start":{"line":223,"column":6},"end":{"line":225,"column":7}},"57":{"start":{"line":224,"column":8},"end":{"line":224,"column":30}},"58":{"start":{"line":227,"column":22},"end":{"line":227,"column":40}},"59":{"start":{"line":228,"column":20},"end":{"line":228,"column":40}},"60":{"start":{"line":230,"column":6},"end":{"line":237,"column":9}},"61":{"start":{"line":240,"column":6},"end":{"line":240,"column":18}},"62":{"start":{"line":246,"column":4},"end":{"line":261,"column":5}},"63":{"start":{"line":247,"column":22},"end":{"line":249,"column":8}},"64":{"start":{"line":251,"column":6},"end":{"line":253,"column":7}},"65":{"start":{"line":252,"column":8},"end":{"line":252,"column":41}},"66":{"start":{"line":255,"column":6},"end":{"line":258,"column":9}},"67":{"start":{"line":260,"column":6},"end":{"line":260,"column":18}},"68":{"start":{"line":265,"column":4},"end":{"line":281,"column":5}},"69":{"start":{"line":266,"column":21},"end":{"line":266,"column":31}},"70":{"start":{"line":268,"column":19},"end":{"line":270,"column":8}},"71":{"start":{"line":271,"column":6},"end":{"line":273,"column":7}},"72":{"start":{"line":272,"column":8},"end":{"line":272,"column":41}},"73":{"start":{"line":274,"column":6},"end":{"line":277,"column":9}},"74":{"start":{"line":279,"column":6},"end":{"line":279,"column":25}},"75":{"start":{"line":280,"column":6},"end":{"line":280,"column":18}},"76":{"start":{"line":285,"column":4},"end":{"line":301,"column":5}},"77":{"start":{"line":286,"column":21},"end":{"line":286,"column":31}},"78":{"start":{"line":288,"column":22},"end":{"line":288,"column":45}},"79":{"start":{"line":289,"column":6},"end":{"line":291,"column":7}},"80":{"start":{"line":290,"column":8},"end":{"line":290,"column":41}},"81":{"start":{"line":293,"column":6},"end":{"line":293,"column":44}},"82":{"start":{"line":295,"column":6},"end":{"line":298,"column":9}},"83":{"start":{"line":300,"column":6},"end":{"line":300,"column":18}},"84":{"start":{"line":306,"column":4},"end":{"line":326,"column":5}},"85":{"start":{"line":307,"column":22},"end":{"line":315,"column":7}},"86":{"start":{"line":317,"column":18},"end":{"line":317,"column":57}},"87":{"start":{"line":319,"column":6},"end":{"line":322,"column":9}},"88":{"start":{"line":324,"column":6},"end":{"line":324,"column":25}},"89":{"start":{"line":325,"column":6},"end":{"line":325,"column":18}},"90":{"start":{"line":330,"column":4},"end":{"line":345,"column":5}},"91":{"start":{"line":331,"column":21},"end":{"line":331,"column":29}},"92":{"start":{"line":333,"column":22},"end":{"line":333,"column":59}},"93":{"start":{"line":335,"column":6},"end":{"line":337,"column":7}},"94":{"start":{"line":336,"column":8},"end":{"line":336,"column":41}},"95":{"start":{"line":338,"column":6},"end":{"line":338,"column":64}},"96":{"start":{"line":340,"column":6},"end":{"line":342,"column":9}},"97":{"start":{"line":344,"column":6},"end":{"line":344,"column":18}},"98":{"start":{"line":349,"column":0},"end":{"line":349,"column":32}}},"fnMap":{"0":{"name":"(anonymous_0)","decl":{"start":{"line":9,"column":2},"end":{"line":9,"column":3}},"loc":{"start":{"line":9,"column":45},"end":{"line":72,"column":3}},"line":9},"1":{"name":"(anonymous_1)","decl":{"start":{"line":75,"column":2},"end":{"line":75,"column":3}},"loc":{"start":{"line":75,"column":44},"end":{"line":135,"column":3}},"line":75},"2":{"name":"(anonymous_2)","decl":{"start":{"line":138,"column":2},"end":{"line":138,"column":3}},"loc":{"start":{"line":138,"column":44},"end":{"line":198,"column":3}},"line":138},"3":{"name":"(anonymous_3)","decl":{"start":{"line":201,"column":2},"end":{"line":201,"column":3}},"loc":{"start":{"line":201,"column":37},"end":{"line":242,"column":3}},"line":201},"4":{"name":"(anonymous_4)","decl":{"start":{"line":245,"column":2},"end":{"line":245,"column":3}},"loc":{"start":{"line":245,"column":41},"end":{"line":262,"column":3}},"line":245},"5":{"name":"(anonymous_5)","decl":{"start":{"line":264,"column":2},"end":{"line":264,"column":3}},"loc":{"start":{"line":264,"column":44},"end":{"line":282,"column":3}},"line":264},"6":{"name":"(anonymous_6)","decl":{"start":{"line":284,"column":2},"end":{"line":284,"column":3}},"loc":{"start":{"line":284,"column":42},"end":{"line":302,"column":3}},"line":284},"7":{"name":"(anonymous_7)","decl":{"start":{"line":305,"column":2},"end":{"line":305,"column":3}},"loc":{"start":{"line":305,"column":39},"end":{"line":327,"column":3}},"line":305},"8":{"name":"(anonymous_8)","decl":{"start":{"line":329,"column":2},"end":{"line":329,"column":3}},"loc":{"start":{"line":329,"column":43},"end":{"line":346,"column":3}},"line":329}},"branchMap":{"0":{"loc":{"start":{"line":14,"column":6},"end":{"line":65,"column":7}},"type":"if","locations":[{"start":{"line":14,"column":6},"end":{"line":65,"column":7}},{"start":{"line":42,"column":13},"end":{"line":65,"column":7}}],"line":14},"1":{"loc":{"start":{"line":78,"column":6},"end":{"line":130,"column":7}},"type":"if","locations":[{"start":{"line":78,"column":6},"end":{"line":130,"column":7}},{"start":{"line":107,"column":13},"end":{"line":130,"column":7}}],"line":78},"2":{"loc":{"start":{"line":142,"column":6},"end":{"line":194,"column":7}},"type":"if","locations":[{"start":{"line":142,"column":6},"end":{"line":194,"column":7}},{"start":{"line":171,"column":13},"end":{"line":194,"column":7}}],"line":142},"3":{"loc":{"start":{"line":211,"column":6},"end":{"line":213,"column":7}},"type":"if","locations":[{"start":{"line":211,"column":6},"end":{"line":213,"column":7}},{"start":{},"end":{}}],"line":211},"4":{"loc":{"start":{"line":214,"column":6},"end":{"line":216,"column":7}},"type":"if","locations":[{"start":{"line":214,"column":6},"end":{"line":216,"column":7}},{"start":{},"end":{}}],"line":214},"5":{"loc":{"start":{"line":218,"column":6},"end":{"line":220,"column":7}},"type":"if","locations":[{"start":{"line":218,"column":6},"end":{"line":220,"column":7}},{"start":{},"end":{}}],"line":218},"6":{"loc":{"start":{"line":223,"column":6},"end":{"line":225,"column":7}},"type":"if","locations":[{"start":{"line":223,"column":6},"end":{"line":225,"column":7}},{"start":{},"end":{}}],"line":223},"7":{"loc":{"start":{"line":251,"column":6},"end":{"line":253,"column":7}},"type":"if","locations":[{"start":{"line":251,"column":6},"end":{"line":253,"column":7}},{"start":{},"end":{}}],"line":251},"8":{"loc":{"start":{"line":271,"column":6},"end":{"line":273,"column":7}},"type":"if","locations":[{"start":{"line":271,"column":6},"end":{"line":273,"column":7}},{"start":{},"end":{}}],"line":271},"9":{"loc":{"start":{"line":289,"column":6},"end":{"line":291,"column":7}},"type":"if","locations":[{"start":{"line":289,"column":6},"end":{"line":291,"column":7}},{"start":{},"end":{}}],"line":289},"10":{"loc":{"start":{"line":335,"column":6},"end":{"line":337,"column":7}},"type":"if","locations":[{"start":{"line":335,"column":6},"end":{"line":337,"column":7}},{"start":{},"end":{}}],"line":335}},"s":{"0":1,"1":1,"2":1,"3":1,"4":1,"5":0,"6":0,"7":0,"8":0,"9":0,"10":0,"11":0,"12":0,"13":0,"14":0,"15":0,"16":0,"17":0,"18":0,"19":0,"20":0,"21":0,"22":0,"23":0,"24":0,"25":0,"26":0,"27":0,"28":0,"29":0,"30":0,"31":0,"32":0,"33":0,"34":0,"35":0,"36":0,"37":0,"38":0,"39":0,"40":0,"41":0,"42":0,"43":0,"44":0,"45":0,"46":0,"47":0,"48":0,"49":0,"50":0,"51":0,"52":0,"53":0,"54":0,"55":0,"56":0,"57":0,"58":0,"59":0,"60":0,"61":0,"62":0,"63":0,"64":0,"65":0,"66":0,"67":0,"68":0,"69":0,"70":0,"71":0,"72":0,"73":0,"74":0,"75":0,"76":0,"77":0,"78":0,"79":0,"80":0,"81":0,"82":0,"83":0,"84":0,"85":0,"86":0,"87":0,"88":0,"89":0,"90":0,"91":0,"92":0,"93":0,"94":0,"95":0,"96":0,"97":0,"98":1},"f":{"0":0,"1":0,"2":0,"3":0,"4":0,"5":0,"6":0,"7":0,"8":0},"b":{"0":[0,0],"1":[0,0],"2":[0,0],"3":[0,0],"4":[0,0],"5":[0,0],"6":[0,0],"7":[0,0],"8":[0,0],"9":[0,0],"10":[0,0]},"_coverageSchema":"1a1c01bbd47fc00a2c39e90264f33305004495a9","hash":"f73ae9be058fb6178cc1ca41ee3b9faa16eec99a"}
,"D:\\2 - Hacktiv8\\Phase 3\\wismaloka\\wismaloka\\server\\services\\users\\helpers\\bcrypt.js": {"path":"D:\\2 - Hacktiv8\\Phase 3\\wismaloka\\wismaloka\\server\\services\\users\\helpers\\bcrypt.js","statementMap":{"0":{"start":{"line":1,"column":15},"end":{"line":1,"column":32}},"1":{"start":{"line":4,"column":2},"end":{"line":4,"column":34}},"2":{"start":{"line":8,"column":2},"end":{"line":8,"column":47}},"3":{"start":{"line":11,"column":0},"end":{"line":11,"column":49}}},"fnMap":{"0":{"name":"createHashPass","decl":{"start":{"line":3,"column":9},"end":{"line":3,"column":23}},"loc":{"start":{"line":3,"column":30},"end":{"line":5,"column":1}},"line":3},"1":{"name":"comparePass","decl":{"start":{"line":7,"column":9},"end":{"line":7,"column":20}},"loc":{"start":{"line":7,"column":40},"end":{"line":9,"column":1}},"line":7}},"branchMap":{},"s":{"0":1,"1":0,"2":0,"3":1},"f":{"0":0,"1":0},"b":{},"_coverageSchema":"1a1c01bbd47fc00a2c39e90264f33305004495a9","hash":"b56af4a3b3675b15b978f8174897ecfc6b641334"}
,"D:\\2 - Hacktiv8\\Phase 3\\wismaloka\\wismaloka\\server\\services\\users\\helpers\\jwt.js": {"path":"D:\\2 - Hacktiv8\\Phase 3\\wismaloka\\wismaloka\\server\\services\\users\\helpers\\jwt.js","statementMap":{"0":{"start":{"line":1,"column":12},"end":{"line":1,"column":35}},"1":{"start":{"line":3,"column":0},"end":{"line":3,"column":20}},"2":{"start":{"line":6,"column":2},"end":{"line":6,"column":33}},"3":{"start":{"line":10,"column":2},"end":{"line":10,"column":33}},"4":{"start":{"line":13,"column":0},"end":{"line":13,"column":44}}},"fnMap":{"0":{"name":"createToken","decl":{"start":{"line":5,"column":9},"end":{"line":5,"column":20}},"loc":{"start":{"line":5,"column":30},"end":{"line":7,"column":1}},"line":5},"1":{"name":"readToken","decl":{"start":{"line":9,"column":9},"end":{"line":9,"column":18}},"loc":{"start":{"line":9,"column":26},"end":{"line":11,"column":1}},"line":9}},"branchMap":{},"s":{"0":1,"1":1,"2":0,"3":0,"4":1},"f":{"0":0,"1":0},"b":{},"_coverageSchema":"1a1c01bbd47fc00a2c39e90264f33305004495a9","hash":"49f8fee2b133fb70e1b7fbc5902ae2b20ad01f21"}
,"D:\\2 - Hacktiv8\\Phase 3\\wismaloka\\wismaloka\\server\\services\\users\\helpers\\midtrans.js": {"path":"D:\\2 - Hacktiv8\\Phase 3\\wismaloka\\wismaloka\\server\\services\\users\\helpers\\midtrans.js","statementMap":{"0":{"start":{"line":1,"column":23},"end":{"line":1,"column":49}},"1":{"start":{"line":3,"column":11},"end":{"line":7,"column":2}},"2":{"start":{"line":9,"column":0},"end":{"line":9,"column":22}}},"fnMap":{},"branchMap":{},"s":{"0":1,"1":1,"2":1},"f":{},"b":{},"_coverageSchema":"1a1c01bbd47fc00a2c39e90264f33305004495a9","hash":"6b0d2054d2963ddc09b5f4967249c4accead472e"}
,"D:\\2 - Hacktiv8\\Phase 3\\wismaloka\\wismaloka\\server\\services\\users\\middlewares\\authen.js": {"path":"D:\\2 - Hacktiv8\\Phase 3\\wismaloka\\wismaloka\\server\\services\\users\\middlewares\\authen.js","statementMap":{"0":{"start":{"line":1,"column":22},"end":{"line":1,"column":47}},"1":{"start":{"line":2,"column":17},"end":{"line":2,"column":43}},"2":{"start":{"line":4,"column":23},"end":{"line":29,"column":1}},"3":{"start":{"line":5,"column":2},"end":{"line":28,"column":3}},"4":{"start":{"line":7,"column":29},"end":{"line":7,"column":40}},"5":{"start":{"line":8,"column":20},"end":{"line":8,"column":43}},"6":{"start":{"line":10,"column":20},"end":{"line":10,"column":51}},"7":{"start":{"line":13,"column":4},"end":{"line":24,"column":5}},"8":{"start":{"line":14,"column":6},"end":{"line":14,"column":50}},"9":{"start":{"line":16,"column":6},"end":{"line":21,"column":8}},"10":{"start":{"line":22,"column":6},"end":{"line":22,"column":42}},"11":{"start":{"line":23,"column":6},"end":{"line":23,"column":13}},"12":{"start":{"line":27,"column":4},"end":{"line":27,"column":16}},"13":{"start":{"line":31,"column":0},"end":{"line":31,"column":32}}},"fnMap":{"0":{"name":"(anonymous_0)","decl":{"start":{"line":4,"column":23},"end":{"line":4,"column":24}},"loc":{"start":{"line":4,"column":49},"end":{"line":29,"column":1}},"line":4}},"branchMap":{"0":{"loc":{"start":{"line":13,"column":4},"end":{"line":24,"column":5}},"type":"if","locations":[{"start":{"line":13,"column":4},"end":{"line":24,"column":5}},{"start":{"line":15,"column":11},"end":{"line":24,"column":5}}],"line":13}},"s":{"0":1,"1":1,"2":1,"3":0,"4":0,"5":0,"6":0,"7":0,"8":0,"9":0,"10":0,"11":0,"12":0,"13":1},"f":{"0":0},"b":{"0":[0,0]},"_coverageSchema":"1a1c01bbd47fc00a2c39e90264f33305004495a9","hash":"99c8a14613ad19dcb5cc9aa1a9e08e00cf92d782"}
,"D:\\2 - Hacktiv8\\Phase 3\\wismaloka\\wismaloka\\server\\services\\users\\middlewares\\authorize.js": {"path":"D:\\2 - Hacktiv8\\Phase 3\\wismaloka\\wismaloka\\server\\services\\users\\middlewares\\authorize.js","statementMap":{"0":{"start":{"line":1,"column":17},"end":{"line":1,"column":43}},"1":{"start":{"line":3,"column":22},"end":{"line":25,"column":1}},"2":{"start":{"line":4,"column":2},"end":{"line":24,"column":3}},"3":{"start":{"line":5,"column":19},"end":{"line":5,"column":29}},"4":{"start":{"line":6,"column":20},"end":{"line":6,"column":43}},"5":{"start":{"line":8,"column":4},"end":{"line":20,"column":5}},"6":{"start":{"line":9,"column":6},"end":{"line":9,"column":34}},"7":{"start":{"line":11,"column":6},"end":{"line":19,"column":7}},"8":{"start":{"line":12,"column":8},"end":{"line":12,"column":15}},"9":{"start":{"line":14,"column":8},"end":{"line":18,"column":9}},"10":{"start":{"line":15,"column":10},"end":{"line":15,"column":17}},"11":{"start":{"line":17,"column":10},"end":{"line":17,"column":54}},"12":{"start":{"line":23,"column":4},"end":{"line":23,"column":16}},"13":{"start":{"line":27,"column":0},"end":{"line":27,"column":31}}},"fnMap":{"0":{"name":"(anonymous_0)","decl":{"start":{"line":3,"column":22},"end":{"line":3,"column":23}},"loc":{"start":{"line":3,"column":48},"end":{"line":25,"column":1}},"line":3}},"branchMap":{"0":{"loc":{"start":{"line":8,"column":4},"end":{"line":20,"column":5}},"type":"if","locations":[{"start":{"line":8,"column":4},"end":{"line":20,"column":5}},{"start":{"line":10,"column":11},"end":{"line":20,"column":5}}],"line":8},"1":{"loc":{"start":{"line":11,"column":6},"end":{"line":19,"column":7}},"type":"if","locations":[{"start":{"line":11,"column":6},"end":{"line":19,"column":7}},{"start":{"line":13,"column":13},"end":{"line":19,"column":7}}],"line":11},"2":{"loc":{"start":{"line":14,"column":8},"end":{"line":18,"column":9}},"type":"if","locations":[{"start":{"line":14,"column":8},"end":{"line":18,"column":9}},{"start":{"line":16,"column":15},"end":{"line":18,"column":9}}],"line":14}},"s":{"0":1,"1":1,"2":0,"3":0,"4":0,"5":0,"6":0,"7":0,"8":0,"9":0,"10":0,"11":0,"12":0,"13":1},"f":{"0":0},"b":{"0":[0,0],"1":[0,0],"2":[0,0]},"_coverageSchema":"1a1c01bbd47fc00a2c39e90264f33305004495a9","hash":"e8f42efdd0f2a8bb6d725e552636e206a039a5e3"}
,"D:\\2 - Hacktiv8\\Phase 3\\wismaloka\\wismaloka\\server\\services\\users\\middlewares\\errHandler.js": {"path":"D:\\2 - Hacktiv8\\Phase 3\\wismaloka\\wismaloka\\server\\services\\users\\middlewares\\errHandler.js","statementMap":{"0":{"start":{"line":2,"column":2},"end":{"line":2,"column":19}},"1":{"start":{"line":3,"column":2},"end":{"line":47,"column":3}},"2":{"start":{"line":6,"column":6},"end":{"line":6,"column":47}},"3":{"start":{"line":6,"column":35},"end":{"line":6,"column":45}},"4":{"start":{"line":7,"column":6},"end":{"line":9,"column":9}},"5":{"start":{"line":10,"column":6},"end":{"line":10,"column":12}},"6":{"start":{"line":12,"column":6},"end":{"line":14,"column":9}},"7":{"start":{"line":15,"column":6},"end":{"line":15,"column":12}},"8":{"start":{"line":17,"column":6},"end":{"line":19,"column":9}},"9":{"start":{"line":20,"column":6},"end":{"line":20,"column":12}},"10":{"start":{"line":22,"column":6},"end":{"line":24,"column":9}},"11":{"start":{"line":25,"column":6},"end":{"line":25,"column":12}},"12":{"start":{"line":27,"column":6},"end":{"line":29,"column":9}},"13":{"start":{"line":30,"column":6},"end":{"line":30,"column":12}},"14":{"start":{"line":32,"column":6},"end":{"line":34,"column":9}},"15":{"start":{"line":35,"column":6},"end":{"line":35,"column":12}},"16":{"start":{"line":37,"column":6},"end":{"line":39,"column":9}},"17":{"start":{"line":40,"column":6},"end":{"line":40,"column":12}},"18":{"start":{"line":43,"column":6},"end":{"line":45,"column":9}},"19":{"start":{"line":46,"column":6},"end":{"line":46,"column":12}},"20":{"start":{"line":50,"column":0},"end":{"line":50,"column":27}}},"fnMap":{"0":{"name":"errHandle","decl":{"start":{"line":1,"column":9},"end":{"line":1,"column":18}},"loc":{"start":{"line":1,"column":40},"end":{"line":48,"column":1}},"line":1},"1":{"name":"(anonymous_1)","decl":{"start":{"line":6,"column":27},"end":{"line":6,"column":28}},"loc":{"start":{"line":6,"column":35},"end":{"line":6,"column":45}},"line":6}},"branchMap":{"0":{"loc":{"start":{"line":3,"column":2},"end":{"line":47,"column":3}},"type":"switch","locations":[{"start":{"line":4,"column":4},"end":{"line":4,"column":36}},{"start":{"line":5,"column":4},"end":{"line":10,"column":12}},{"start":{"line":11,"column":4},"end":{"line":15,"column":12}},{"start":{"line":16,"column":4},"end":{"line":20,"column":12}},{"start":{"line":21,"column":4},"end":{"line":25,"column":12}},{"start":{"line":26,"column":4},"end":{"line":30,"column":12}},{"start":{"line":31,"column":4},"end":{"line":35,"column":12}},{"start":{"line":36,"column":4},"end":{"line":40,"column":12}},{"start":{"line":42,"column":4},"end":{"line":46,"column":12}}],"line":3}},"s":{"0":0,"1":0,"2":0,"3":0,"4":0,"5":0,"6":0,"7":0,"8":0,"9":0,"10":0,"11":0,"12":0,"13":0,"14":0,"15":0,"16":0,"17":0,"18":0,"19":0,"20":1},"f":{"0":0,"1":0},"b":{"0":[0,0,0,0,0,0,0,0,0]},"_coverageSchema":"1a1c01bbd47fc00a2c39e90264f33305004495a9","hash":"0d1bd52d33e07062132c071bcda8ab974ef4f589"}
,"D:\\2 - Hacktiv8\\Phase 3\\wismaloka\\wismaloka\\server\\services\\users\\middlewares\\imgKitMulter.js": {"path":"D:\\2 - Hacktiv8\\Phase 3\\wismaloka\\wismaloka\\server\\services\\users\\middlewares\\imgKitMulter.js","statementMap":{"0":{"start":{"line":1,"column":14},"end":{"line":1,"column":30}},"1":{"start":{"line":2,"column":17},"end":{"line":2,"column":37}},"2":{"start":{"line":5,"column":2},"end":{"line":24,"column":3}},"3":{"start":{"line":6,"column":16},"end":{"line":6,"column":30}},"4":{"start":{"line":8,"column":4},"end":{"line":8,"column":52}},"5":{"start":{"line":9,"column":4},"end":{"line":9,"column":43}},"6":{"start":{"line":10,"column":16},"end":{"line":10,"column":55}},"7":{"start":{"line":11,"column":21},"end":{"line":11,"column":56}},"8":{"start":{"line":13,"column":4},"end":{"line":21,"column":7}},"9":{"start":{"line":23,"column":4},"end":{"line":23,"column":23}},"10":{"start":{"line":27,"column":0},"end":{"line":27,"column":30}}},"fnMap":{"0":{"name":"imageKit","decl":{"start":{"line":4,"column":15},"end":{"line":4,"column":23}},"loc":{"start":{"line":4,"column":46},"end":{"line":25,"column":1}},"line":4}},"branchMap":{},"s":{"0":1,"1":1,"2":0,"3":0,"4":0,"5":0,"6":0,"7":0,"8":0,"9":0,"10":1},"f":{"0":0},"b":{},"_coverageSchema":"1a1c01bbd47fc00a2c39e90264f33305004495a9","hash":"1f690dc15a0516e1e4399807a4e9dc418f415d8b"}
,"D:\\2 - Hacktiv8\\Phase 3\\wismaloka\\wismaloka\\server\\services\\users\\models\\index.js": {"path":"D:\\2 - Hacktiv8\\Phase 3\\wismaloka\\wismaloka\\server\\services\\users\\models\\index.js","statementMap":{"0":{"start":{"line":3,"column":11},"end":{"line":3,"column":24}},"1":{"start":{"line":4,"column":13},"end":{"line":4,"column":28}},"2":{"start":{"line":5,"column":18},"end":{"line":5,"column":38}},"3":{"start":{"line":6,"column":17},"end":{"line":6,"column":42}},"4":{"start":{"line":7,"column":12},"end":{"line":7,"column":49}},"5":{"start":{"line":8,"column":15},"end":{"line":8,"column":65}},"6":{"start":{"line":9,"column":11},"end":{"line":9,"column":13}},"7":{"start":{"line":12,"column":0},"end":{"line":16,"column":1}},"8":{"start":{"line":13,"column":2},"end":{"line":13,"column":74}},"9":{"start":{"line":15,"column":2},"end":{"line":15,"column":87}},"10":{"start":{"line":18,"column":0},"end":{"line":26,"column":5}},"11":{"start":{"line":21,"column":4},"end":{"line":21,"column":90}},"12":{"start":{"line":24,"column":18},"end":{"line":24,"column":85}},"13":{"start":{"line":25,"column":4},"end":{"line":25,"column":27}},"14":{"start":{"line":28,"column":0},"end":{"line":32,"column":3}},"15":{"start":{"line":29,"column":2},"end":{"line":31,"column":3}},"16":{"start":{"line":30,"column":4},"end":{"line":30,"column":32}},"17":{"start":{"line":34,"column":0},"end":{"line":34,"column":25}},"18":{"start":{"line":35,"column":0},"end":{"line":35,"column":25}},"19":{"start":{"line":37,"column":0},"end":{"line":37,"column":20}}},"fnMap":{"0":{"name":"(anonymous_0)","decl":{"start":{"line":20,"column":10},"end":{"line":20,"column":11}},"loc":{"start":{"line":20,"column":18},"end":{"line":22,"column":3}},"line":20},"1":{"name":"(anonymous_1)","decl":{"start":{"line":23,"column":11},"end":{"line":23,"column":12}},"loc":{"start":{"line":23,"column":19},"end":{"line":26,"column":3}},"line":23},"2":{"name":"(anonymous_2)","decl":{"start":{"line":28,"column":24},"end":{"line":28,"column":25}},"loc":{"start":{"line":28,"column":37},"end":{"line":32,"column":1}},"line":28}},"branchMap":{"0":{"loc":{"start":{"line":7,"column":12},"end":{"line":7,"column":49}},"type":"binary-expr","locations":[{"start":{"line":7,"column":12},"end":{"line":7,"column":32}},{"start":{"line":7,"column":36},"end":{"line":7,"column":49}}],"line":7},"1":{"loc":{"start":{"line":12,"column":0},"end":{"line":16,"column":1}},"type":"if","locations":[{"start":{"line":12,"column":0},"end":{"line":16,"column":1}},{"start":{"line":14,"column":7},"end":{"line":16,"column":1}}],"line":12},"2":{"loc":{"start":{"line":21,"column":11},"end":{"line":21,"column":89}},"type":"binary-expr","locations":[{"start":{"line":21,"column":12},"end":{"line":21,"column":35}},{"start":{"line":21,"column":41},"end":{"line":21,"column":58}},{"start":{"line":21,"column":64},"end":{"line":21,"column":88}}],"line":21},"3":{"loc":{"start":{"line":29,"column":2},"end":{"line":31,"column":3}},"type":"if","locations":[{"start":{"line":29,"column":2},"end":{"line":31,"column":3}},{"start":{},"end":{}}],"line":29}},"s":{"0":1,"1":1,"2":1,"3":1,"4":1,"5":1,"6":1,"7":1,"8":0,"9":1,"10":1,"11":3,"12":2,"13":2,"14":1,"15":2,"16":2,"17":1,"18":1,"19":1},"f":{"0":3,"1":2,"2":2},"b":{"0":[1,0],"1":[0,1],"2":[3,3,2],"3":[2,0]},"_coverageSchema":"1a1c01bbd47fc00a2c39e90264f33305004495a9","hash":"6771dfaaa3c9985f6479644166bac778d1e3725d"}
,"D:\\2 - Hacktiv8\\Phase 3\\wismaloka\\wismaloka\\server\\services\\users\\models\\user.js": {"path":"D:\\2 - Hacktiv8\\Phase 3\\wismaloka\\wismaloka\\server\\services\\users\\models\\user.js","statementMap":{"0":{"start":{"line":2,"column":18},"end":{"line":2,"column":38}},"1":{"start":{"line":3,"column":27},"end":{"line":3,"column":55}},"2":{"start":{"line":4,"column":0},"end":{"line":64,"column":2}},"3":{"start":{"line":13,"column":6},"end":{"line":13,"column":37}},"4":{"start":{"line":16,"column":2},"end":{"line":58,"column":4}},"5":{"start":{"line":42,"column":23},"end":{"line":42,"column":35}},"6":{"start":{"line":43,"column":12},"end":{"line":45,"column":13}},"7":{"start":{"line":44,"column":14},"end":{"line":44,"column":58}},"8":{"start":{"line":60,"column":2},"end":{"line":62,"column":5}},"9":{"start":{"line":61,"column":4},"end":{"line":61,"column":58}},"10":{"start":{"line":63,"column":2},"end":{"line":63,"column":14}}},"fnMap":{"0":{"name":"(anonymous_0)","decl":{"start":{"line":4,"column":17},"end":{"line":4,"column":18}},"loc":{"start":{"line":4,"column":43},"end":{"line":64,"column":1}},"line":4},"1":{"name":"(anonymous_1)","decl":{"start":{"line":11,"column":4},"end":{"line":11,"column":5}},"loc":{"start":{"line":11,"column":29},"end":{"line":14,"column":5}},"line":11},"2":{"name":"(anonymous_2)","decl":{"start":{"line":41,"column":10},"end":{"line":41,"column":11}},"loc":{"start":{"line":41,"column":28},"end":{"line":46,"column":11}},"line":41},"3":{"name":"(anonymous_3)","decl":{"start":{"line":60,"column":20},"end":{"line":60,"column":21}},"loc":{"start":{"line":60,"column":43},"end":{"line":62,"column":3}},"line":60}},"branchMap":{"0":{"loc":{"start":{"line":43,"column":12},"end":{"line":45,"column":13}},"type":"if","locations":[{"start":{"line":43,"column":12},"end":{"line":45,"column":13}},{"start":{},"end":{}}],"line":43}},"s":{"0":1,"1":1,"2":1,"3":1,"4":1,"5":0,"6":0,"7":0,"8":1,"9":0,"10":1},"f":{"0":1,"1":1,"2":0,"3":0},"b":{"0":[0,0]},"_coverageSchema":"1a1c01bbd47fc00a2c39e90264f33305004495a9","hash":"783a5797b7e436d7d2dd540178b988f4fbf4b5b7"}
,"D:\\2 - Hacktiv8\\Phase 3\\wismaloka\\wismaloka\\server\\services\\users\\models\\userhouse.js": {"path":"D:\\2 - Hacktiv8\\Phase 3\\wismaloka\\wismaloka\\server\\services\\users\\models\\userhouse.js","statementMap":{"0":{"start":{"line":2,"column":18},"end":{"line":2,"column":38}},"1":{"start":{"line":3,"column":0},"end":{"line":26,"column":2}},"2":{"start":{"line":12,"column":6},"end":{"line":12,"column":39}},"3":{"start":{"line":15,"column":2},"end":{"line":24,"column":4}},"4":{"start":{"line":25,"column":2},"end":{"line":25,"column":19}}},"fnMap":{"0":{"name":"(anonymous_0)","decl":{"start":{"line":3,"column":17},"end":{"line":3,"column":18}},"loc":{"start":{"line":3,"column":43},"end":{"line":26,"column":1}},"line":3},"1":{"name":"(anonymous_1)","decl":{"start":{"line":10,"column":4},"end":{"line":10,"column":5}},"loc":{"start":{"line":10,"column":29},"end":{"line":13,"column":5}},"line":10}},"branchMap":{},"s":{"0":1,"1":1,"2":1,"3":1,"4":1},"f":{"0":1,"1":1},"b":{},"_coverageSchema":"1a1c01bbd47fc00a2c39e90264f33305004495a9","hash":"0f524a327850ca438734f0f1e81e6ab729c04eab"}
,"D:\\2 - Hacktiv8\\Phase 3\\wismaloka\\wismaloka\\server\\services\\users\\routes\\index.js": {"path":"D:\\2 - Hacktiv8\\Phase 3\\wismaloka\\wismaloka\\server\\services\\users\\routes\\index.js","statementMap":{"0":{"start":{"line":1,"column":16},"end":{"line":1,"column":34}},"1":{"start":{"line":2,"column":15},"end":{"line":2,"column":31}},"2":{"start":{"line":3,"column":23},"end":{"line":3,"column":64}},"3":{"start":{"line":4,"column":23},"end":{"line":4,"column":55}},"4":{"start":{"line":5,"column":22},"end":{"line":5,"column":57}},"5":{"start":{"line":7,"column":15},"end":{"line":7,"column":32}},"6":{"start":{"line":9,"column":15},"end":{"line":9,"column":23}},"7":{"start":{"line":11,"column":0},"end":{"line":11,"column":50}},"8":{"start":{"line":13,"column":0},"end":{"line":17,"column":2}},"9":{"start":{"line":18,"column":0},"end":{"line":22,"column":2}},"10":{"start":{"line":23,"column":0},"end":{"line":27,"column":2}},"11":{"start":{"line":29,"column":0},"end":{"line":29,"column":47}},"12":{"start":{"line":31,"column":0},"end":{"line":31,"column":54}},"13":{"start":{"line":33,"column":0},"end":{"line":33,"column":27}},"14":{"start":{"line":34,"column":0},"end":{"line":34,"column":48}},"15":{"start":{"line":36,"column":0},"end":{"line":36,"column":57}},"16":{"start":{"line":38,"column":0},"end":{"line":38,"column":70}},"17":{"start":{"line":40,"column":0},"end":{"line":40,"column":24}}},"fnMap":{},"branchMap":{},"s":{"0":1,"1":1,"2":1,"3":1,"4":1,"5":1,"6":1,"7":1,"8":1,"9":1,"10":1,"11":1,"12":1,"13":1,"14":1,"15":1,"16":1,"17":1},"f":{},"b":{},"_coverageSchema":"1a1c01bbd47fc00a2c39e90264f33305004495a9","hash":"4d66f9d5cb9c4d292b90842f2650c048bfea84e1"}
}
