{"D:\\project\\Final-Project-revisi-test\\wismaloka\\server\\services\\users\\app.js": {"path":"D:\\project\\Final-Project-revisi-test\\wismaloka\\server\\services\\users\\app.js","statementMap":{"0":{"start":{"line":1,"column":0},"end":{"line":3,"column":1}},"1":{"start":{"line":2,"column":2},"end":{"line":2,"column":28}},"2":{"start":{"line":4,"column":16},"end":{"line":4,"column":34}},"3":{"start":{"line":5,"column":12},"end":{"line":5,"column":21}},"4":{"start":{"line":6,"column":13},"end":{"line":6,"column":28}},"5":{"start":{"line":7,"column":14},"end":{"line":7,"column":39}},"6":{"start":{"line":8,"column":18},"end":{"line":8,"column":53}},"7":{"start":{"line":11,"column":0},"end":{"line":11,"column":16}},"8":{"start":{"line":12,"column":0},"end":{"line":12,"column":24}},"9":{"start":{"line":13,"column":0},"end":{"line":13,"column":48}},"10":{"start":{"line":14,"column":0},"end":{"line":14,"column":20}},"11":{"start":{"line":16,"column":0},"end":{"line":16,"column":19}},"12":{"start":{"line":20,"column":0},"end":{"line":20,"column":20}}},"fnMap":{},"branchMap":{"0":{"loc":{"start":{"line":1,"column":0},"end":{"line":3,"column":1}},"type":"if","locations":[{"start":{"line":1,"column":0},"end":{"line":3,"column":1}},{"start":{},"end":{}}],"line":1}},"s":{"0":1,"1":1,"2":1,"3":1,"4":1,"5":1,"6":1,"7":1,"8":1,"9":1,"10":1,"11":1,"12":1},"f":{},"b":{"0":[1,0]},"_coverageSchema":"1a1c01bbd47fc00a2c39e90264f33305004495a9","hash":"be8b6620d79890ed275b076f2f7f3629ec2cc121"}
,"D:\\project\\Final-Project-revisi-test\\wismaloka\\server\\services\\users\\controlllers\\userController.js": {"path":"D:\\project\\Final-Project-revisi-test\\wismaloka\\server\\services\\users\\controlllers\\userController.js","statementMap":{"0":{"start":{"line":1,"column":24},"end":{"line":1,"column":52}},"1":{"start":{"line":2,"column":24},"end":{"line":2,"column":49}},"2":{"start":{"line":3,"column":21},"end":{"line":3,"column":59}},"3":{"start":{"line":4,"column":28},"end":{"line":4,"column":54}},"4":{"start":{"line":5,"column":13},"end":{"line":5,"column":43}},"5":{"start":{"line":10,"column":4},"end":{"line":71,"column":5}},"6":{"start":{"line":11,"column":57},"end":{"line":11,"column":65}},"7":{"start":{"line":14,"column":6},"end":{"line":65,"column":7}},"8":{"start":{"line":15,"column":41},"end":{"line":15,"column":49}},"9":{"start":{"line":17,"column":23},"end":{"line":17,"column":59}},"10":{"start":{"line":18,"column":28},"end":{"line":18,"column":43}},"11":{"start":{"line":19,"column":24},"end":{"line":27,"column":10}},"12":{"start":{"line":29,"column":8},"end":{"line":31,"column":11}},"13":{"start":{"line":33,"column":8},"end":{"line":41,"column":11}},"14":{"start":{"line":43,"column":24},"end":{"line":50,"column":10}},"15":{"start":{"line":52,"column":8},"end":{"line":54,"column":11}},"16":{"start":{"line":56,"column":8},"end":{"line":64,"column":11}},"17":{"start":{"line":69,"column":6},"end":{"line":69,"column":25}},"18":{"start":{"line":70,"column":6},"end":{"line":70,"column":18}},"19":{"start":{"line":76,"column":4},"end":{"line":134,"column":5}},"20":{"start":{"line":77,"column":57},"end":{"line":77,"column":65}},"21":{"start":{"line":78,"column":6},"end":{"line":130,"column":7}},"22":{"start":{"line":79,"column":41},"end":{"line":79,"column":49}},"23":{"start":{"line":81,"column":23},"end":{"line":81,"column":59}},"24":{"start":{"line":82,"column":28},"end":{"line":82,"column":43}},"25":{"start":{"line":84,"column":24},"end":{"line":92,"column":10}},"26":{"start":{"line":94,"column":8},"end":{"line":96,"column":11}},"27":{"start":{"line":98,"column":8},"end":{"line":106,"column":11}},"28":{"start":{"line":108,"column":24},"end":{"line":115,"column":10}},"29":{"start":{"line":117,"column":8},"end":{"line":119,"column":11}},"30":{"start":{"line":121,"column":8},"end":{"line":129,"column":11}},"31":{"start":{"line":132,"column":6},"end":{"line":132,"column":25}},"32":{"start":{"line":133,"column":6},"end":{"line":133,"column":18}},"33":{"start":{"line":139,"column":4},"end":{"line":197,"column":5}},"34":{"start":{"line":140,"column":57},"end":{"line":140,"column":65}},"35":{"start":{"line":142,"column":6},"end":{"line":194,"column":7}},"36":{"start":{"line":143,"column":41},"end":{"line":143,"column":49}},"37":{"start":{"line":145,"column":23},"end":{"line":145,"column":59}},"38":{"start":{"line":146,"column":28},"end":{"line":146,"column":43}},"39":{"start":{"line":148,"column":24},"end":{"line":156,"column":10}},"40":{"start":{"line":158,"column":8},"end":{"line":160,"column":11}},"41":{"start":{"line":162,"column":8},"end":{"line":170,"column":11}},"42":{"start":{"line":172,"column":24},"end":{"line":179,"column":10}},"43":{"start":{"line":181,"column":8},"end":{"line":183,"column":11}},"44":{"start":{"line":185,"column":8},"end":{"line":193,"column":11}},"45":{"start":{"line":196,"column":6},"end":{"line":196,"column":18}},"46":{"start":{"line":202,"column":4},"end":{"line":242,"column":5}},"47":{"start":{"line":203,"column":34},"end":{"line":203,"column":42}},"48":{"start":{"line":205,"column":22},"end":{"line":209,"column":8}},"49":{"start":{"line":211,"column":6},"end":{"line":213,"column":7}},"50":{"start":{"line":212,"column":8},"end":{"line":212,"column":44}},"51":{"start":{"line":214,"column":6},"end":{"line":216,"column":7}},"52":{"start":{"line":215,"column":8},"end":{"line":215,"column":47}},"53":{"start":{"line":218,"column":6},"end":{"line":220,"column":7}},"54":{"start":{"line":219,"column":8},"end":{"line":219,"column":30}},"55":{"start":{"line":221,"column":27},"end":{"line":221,"column":66}},"56":{"start":{"line":223,"column":6},"end":{"line":225,"column":7}},"57":{"start":{"line":224,"column":8},"end":{"line":224,"column":30}},"58":{"start":{"line":227,"column":22},"end":{"line":227,"column":40}},"59":{"start":{"line":228,"column":20},"end":{"line":228,"column":40}},"60":{"start":{"line":230,"column":6},"end":{"line":238,"column":9}},"61":{"start":{"line":241,"column":6},"end":{"line":241,"column":18}},"62":{"start":{"line":247,"column":4},"end":{"line":262,"column":5}},"63":{"start":{"line":248,"column":22},"end":{"line":250,"column":8}},"64":{"start":{"line":252,"column":6},"end":{"line":254,"column":7}},"65":{"start":{"line":253,"column":8},"end":{"line":253,"column":41}},"66":{"start":{"line":256,"column":6},"end":{"line":259,"column":9}},"67":{"start":{"line":261,"column":6},"end":{"line":261,"column":18}},"68":{"start":{"line":266,"column":4},"end":{"line":282,"column":5}},"69":{"start":{"line":267,"column":21},"end":{"line":267,"column":31}},"70":{"start":{"line":269,"column":19},"end":{"line":271,"column":8}},"71":{"start":{"line":272,"column":6},"end":{"line":274,"column":7}},"72":{"start":{"line":273,"column":8},"end":{"line":273,"column":41}},"73":{"start":{"line":275,"column":6},"end":{"line":278,"column":9}},"74":{"start":{"line":280,"column":6},"end":{"line":280,"column":25}},"75":{"start":{"line":281,"column":6},"end":{"line":281,"column":18}},"76":{"start":{"line":286,"column":4},"end":{"line":302,"column":5}},"77":{"start":{"line":287,"column":21},"end":{"line":287,"column":31}},"78":{"start":{"line":289,"column":22},"end":{"line":289,"column":45}},"79":{"start":{"line":290,"column":6},"end":{"line":292,"column":7}},"80":{"start":{"line":291,"column":8},"end":{"line":291,"column":41}},"81":{"start":{"line":294,"column":6},"end":{"line":294,"column":44}},"82":{"start":{"line":296,"column":6},"end":{"line":299,"column":9}},"83":{"start":{"line":301,"column":6},"end":{"line":301,"column":18}},"84":{"start":{"line":307,"column":20},"end":{"line":315,"column":5}},"85":{"start":{"line":317,"column":16},"end":{"line":317,"column":55}},"86":{"start":{"line":319,"column":4},"end":{"line":322,"column":7}},"87":{"start":{"line":326,"column":19},"end":{"line":326,"column":27}},"88":{"start":{"line":328,"column":4},"end":{"line":328,"column":62}},"89":{"start":{"line":330,"column":4},"end":{"line":332,"column":7}},"90":{"start":{"line":336,"column":0},"end":{"line":336,"column":32}}},"fnMap":{"0":{"name":"(anonymous_0)","decl":{"start":{"line":9,"column":2},"end":{"line":9,"column":3}},"loc":{"start":{"line":9,"column":45},"end":{"line":72,"column":3}},"line":9},"1":{"name":"(anonymous_1)","decl":{"start":{"line":75,"column":2},"end":{"line":75,"column":3}},"loc":{"start":{"line":75,"column":44},"end":{"line":135,"column":3}},"line":75},"2":{"name":"(anonymous_2)","decl":{"start":{"line":138,"column":2},"end":{"line":138,"column":3}},"loc":{"start":{"line":138,"column":44},"end":{"line":198,"column":3}},"line":138},"3":{"name":"(anonymous_3)","decl":{"start":{"line":201,"column":2},"end":{"line":201,"column":3}},"loc":{"start":{"line":201,"column":37},"end":{"line":243,"column":3}},"line":201},"4":{"name":"(anonymous_4)","decl":{"start":{"line":246,"column":2},"end":{"line":246,"column":3}},"loc":{"start":{"line":246,"column":41},"end":{"line":263,"column":3}},"line":246},"5":{"name":"(anonymous_5)","decl":{"start":{"line":265,"column":2},"end":{"line":265,"column":3}},"loc":{"start":{"line":265,"column":44},"end":{"line":283,"column":3}},"line":265},"6":{"name":"(anonymous_6)","decl":{"start":{"line":285,"column":2},"end":{"line":285,"column":3}},"loc":{"start":{"line":285,"column":42},"end":{"line":303,"column":3}},"line":285},"7":{"name":"(anonymous_7)","decl":{"start":{"line":306,"column":2},"end":{"line":306,"column":3}},"loc":{"start":{"line":306,"column":39},"end":{"line":323,"column":3}},"line":306},"8":{"name":"(anonymous_8)","decl":{"start":{"line":325,"column":2},"end":{"line":325,"column":3}},"loc":{"start":{"line":325,"column":43},"end":{"line":333,"column":3}},"line":325}},"branchMap":{"0":{"loc":{"start":{"line":14,"column":6},"end":{"line":65,"column":7}},"type":"if","locations":[{"start":{"line":14,"column":6},"end":{"line":65,"column":7}},{"start":{"line":42,"column":13},"end":{"line":65,"column":7}}],"line":14},"1":{"loc":{"start":{"line":78,"column":6},"end":{"line":130,"column":7}},"type":"if","locations":[{"start":{"line":78,"column":6},"end":{"line":130,"column":7}},{"start":{"line":107,"column":13},"end":{"line":130,"column":7}}],"line":78},"2":{"loc":{"start":{"line":142,"column":6},"end":{"line":194,"column":7}},"type":"if","locations":[{"start":{"line":142,"column":6},"end":{"line":194,"column":7}},{"start":{"line":171,"column":13},"end":{"line":194,"column":7}}],"line":142},"3":{"loc":{"start":{"line":211,"column":6},"end":{"line":213,"column":7}},"type":"if","locations":[{"start":{"line":211,"column":6},"end":{"line":213,"column":7}},{"start":{},"end":{}}],"line":211},"4":{"loc":{"start":{"line":214,"column":6},"end":{"line":216,"column":7}},"type":"if","locations":[{"start":{"line":214,"column":6},"end":{"line":216,"column":7}},{"start":{},"end":{}}],"line":214},"5":{"loc":{"start":{"line":218,"column":6},"end":{"line":220,"column":7}},"type":"if","locations":[{"start":{"line":218,"column":6},"end":{"line":220,"column":7}},{"start":{},"end":{}}],"line":218},"6":{"loc":{"start":{"line":223,"column":6},"end":{"line":225,"column":7}},"type":"if","locations":[{"start":{"line":223,"column":6},"end":{"line":225,"column":7}},{"start":{},"end":{}}],"line":223},"7":{"loc":{"start":{"line":252,"column":6},"end":{"line":254,"column":7}},"type":"if","locations":[{"start":{"line":252,"column":6},"end":{"line":254,"column":7}},{"start":{},"end":{}}],"line":252},"8":{"loc":{"start":{"line":272,"column":6},"end":{"line":274,"column":7}},"type":"if","locations":[{"start":{"line":272,"column":6},"end":{"line":274,"column":7}},{"start":{},"end":{}}],"line":272},"9":{"loc":{"start":{"line":290,"column":6},"end":{"line":292,"column":7}},"type":"if","locations":[{"start":{"line":290,"column":6},"end":{"line":292,"column":7}},{"start":{},"end":{}}],"line":290}},"s":{"0":1,"1":1,"2":1,"3":1,"4":1,"5":7,"6":7,"7":7,"8":1,"9":1,"10":1,"11":1,"12":1,"13":1,"14":6,"15":1,"16":1,"17":5,"18":5,"19":8,"20":8,"21":8,"22":1,"23":1,"24":1,"25":1,"26":1,"27":1,"28":7,"29":2,"30":2,"31":5,"32":5,"33":7,"34":7,"35":7,"36":1,"37":1,"38":1,"39":1,"40":1,"41":1,"42":6,"43":1,"44":1,"45":5,"46":10,"47":10,"48":10,"49":10,"50":1,"51":9,"52":1,"53":8,"54":1,"55":7,"56":7,"57":1,"58":6,"59":6,"60":6,"61":4,"62":2,"63":2,"64":2,"65":1,"66":1,"67":1,"68":3,"69":3,"70":3,"71":2,"72":1,"73":1,"74":2,"75":2,"76":3,"77":3,"78":3,"79":3,"80":1,"81":2,"82":2,"83":1,"84":1,"85":1,"86":1,"87":1,"88":1,"89":1,"90":1},"f":{"0":7,"1":8,"2":7,"3":10,"4":2,"5":3,"6":3,"7":1,"8":1},"b":{"0":[1,6],"1":[1,7],"2":[1,6],"3":[1,9],"4":[1,8],"5":[1,7],"6":[1,6],"7":[1,1],"8":[1,1],"9":[1,2]},"_coverageSchema":"1a1c01bbd47fc00a2c39e90264f33305004495a9","hash":"c2d3d4f0c3bdeeccb5e918576e4b6e2371d09d39"}
,"D:\\project\\Final-Project-revisi-test\\wismaloka\\server\\services\\users\\helpers\\bcrypt.js": {"path":"D:\\project\\Final-Project-revisi-test\\wismaloka\\server\\services\\users\\helpers\\bcrypt.js","statementMap":{"0":{"start":{"line":1,"column":15},"end":{"line":1,"column":32}},"1":{"start":{"line":4,"column":2},"end":{"line":4,"column":34}},"2":{"start":{"line":8,"column":2},"end":{"line":8,"column":47}},"3":{"start":{"line":11,"column":0},"end":{"line":11,"column":49}}},"fnMap":{"0":{"name":"createHashPass","decl":{"start":{"line":3,"column":9},"end":{"line":3,"column":23}},"loc":{"start":{"line":3,"column":30},"end":{"line":5,"column":1}},"line":3},"1":{"name":"comparePass","decl":{"start":{"line":7,"column":9},"end":{"line":7,"column":20}},"loc":{"start":{"line":7,"column":40},"end":{"line":9,"column":1}},"line":7}},"branchMap":{},"s":{"0":1,"1":10,"2":7,"3":1},"f":{"0":10,"1":7},"b":{},"_coverageSchema":"1a1c01bbd47fc00a2c39e90264f33305004495a9","hash":"2d5b7b96ec88372c36fe445cdf1b0a9dc56313e2"}
,"D:\\project\\Final-Project-revisi-test\\wismaloka\\server\\services\\users\\helpers\\jwt.js": {"path":"D:\\project\\Final-Project-revisi-test\\wismaloka\\server\\services\\users\\helpers\\jwt.js","statementMap":{"0":{"start":{"line":1,"column":12},"end":{"line":1,"column":35}},"1":{"start":{"line":3,"column":0},"end":{"line":3,"column":20}},"2":{"start":{"line":6,"column":2},"end":{"line":6,"column":33}},"3":{"start":{"line":10,"column":2},"end":{"line":10,"column":33}},"4":{"start":{"line":13,"column":0},"end":{"line":13,"column":44}}},"fnMap":{"0":{"name":"createToken","decl":{"start":{"line":5,"column":9},"end":{"line":5,"column":20}},"loc":{"start":{"line":5,"column":30},"end":{"line":7,"column":1}},"line":5},"1":{"name":"readToken","decl":{"start":{"line":9,"column":9},"end":{"line":9,"column":18}},"loc":{"start":{"line":9,"column":26},"end":{"line":11,"column":1}},"line":9}},"branchMap":{},"s":{"0":1,"1":1,"2":6,"3":8,"4":1},"f":{"0":6,"1":8},"b":{},"_coverageSchema":"1a1c01bbd47fc00a2c39e90264f33305004495a9","hash":"19fb4a294c92f102302bf2a0f436cc741103bba0"}
,"D:\\project\\Final-Project-revisi-test\\wismaloka\\server\\services\\users\\helpers\\midtrans.js": {"path":"D:\\project\\Final-Project-revisi-test\\wismaloka\\server\\services\\users\\helpers\\midtrans.js","statementMap":{"0":{"start":{"line":1,"column":23},"end":{"line":1,"column":49}},"1":{"start":{"line":3,"column":11},"end":{"line":7,"column":2}},"2":{"start":{"line":9,"column":0},"end":{"line":9,"column":22}}},"fnMap":{},"branchMap":{},"s":{"0":1,"1":1,"2":1},"f":{},"b":{},"_coverageSchema":"1a1c01bbd47fc00a2c39e90264f33305004495a9","hash":"8aece89986ceb3e725354998f93b57129a9f1a0a"}
,"D:\\project\\Final-Project-revisi-test\\wismaloka\\server\\services\\users\\middlewares\\authen.js": {"path":"D:\\project\\Final-Project-revisi-test\\wismaloka\\server\\services\\users\\middlewares\\authen.js","statementMap":{"0":{"start":{"line":1,"column":22},"end":{"line":1,"column":47}},"1":{"start":{"line":2,"column":17},"end":{"line":2,"column":43}},"2":{"start":{"line":4,"column":23},"end":{"line":30,"column":1}},"3":{"start":{"line":5,"column":2},"end":{"line":29,"column":3}},"4":{"start":{"line":7,"column":29},"end":{"line":7,"column":40}},"5":{"start":{"line":8,"column":20},"end":{"line":8,"column":43}},"6":{"start":{"line":10,"column":20},"end":{"line":10,"column":51}},"7":{"start":{"line":13,"column":4},"end":{"line":25,"column":5}},"8":{"start":{"line":14,"column":6},"end":{"line":14,"column":50}},"9":{"start":{"line":16,"column":6},"end":{"line":22,"column":8}},"10":{"start":{"line":23,"column":6},"end":{"line":23,"column":42}},"11":{"start":{"line":24,"column":6},"end":{"line":24,"column":13}},"12":{"start":{"line":28,"column":4},"end":{"line":28,"column":16}},"13":{"start":{"line":32,"column":0},"end":{"line":32,"column":32}}},"fnMap":{"0":{"name":"(anonymous_0)","decl":{"start":{"line":4,"column":23},"end":{"line":4,"column":24}},"loc":{"start":{"line":4,"column":49},"end":{"line":30,"column":1}},"line":4}},"branchMap":{"0":{"loc":{"start":{"line":13,"column":4},"end":{"line":25,"column":5}},"type":"if","locations":[{"start":{"line":13,"column":4},"end":{"line":25,"column":5}},{"start":{"line":15,"column":11},"end":{"line":25,"column":5}}],"line":13}},"s":{"0":1,"1":1,"2":1,"3":8,"4":8,"5":8,"6":7,"7":7,"8":1,"9":6,"10":6,"11":6,"12":2,"13":1},"f":{"0":8},"b":{"0":[1,6]},"_coverageSchema":"1a1c01bbd47fc00a2c39e90264f33305004495a9","hash":"43d6d2c250a17946b7e7b82f40889acbfebf69b5"}
,"D:\\project\\Final-Project-revisi-test\\wismaloka\\server\\services\\users\\middlewares\\authorize.js": {"path":"D:\\project\\Final-Project-revisi-test\\wismaloka\\server\\services\\users\\middlewares\\authorize.js","statementMap":{"0":{"start":{"line":1,"column":17},"end":{"line":1,"column":43}},"1":{"start":{"line":3,"column":22},"end":{"line":23,"column":1}},"2":{"start":{"line":4,"column":2},"end":{"line":22,"column":3}},"3":{"start":{"line":5,"column":19},"end":{"line":5,"column":29}},"4":{"start":{"line":6,"column":20},"end":{"line":6,"column":43}},"5":{"start":{"line":9,"column":6},"end":{"line":17,"column":7}},"6":{"start":{"line":10,"column":8},"end":{"line":10,"column":15}},"7":{"start":{"line":12,"column":8},"end":{"line":16,"column":9}},"8":{"start":{"line":13,"column":10},"end":{"line":13,"column":17}},"9":{"start":{"line":15,"column":10},"end":{"line":15,"column":55}},"10":{"start":{"line":21,"column":4},"end":{"line":21,"column":14}},"11":{"start":{"line":25,"column":0},"end":{"line":25,"column":31}}},"fnMap":{"0":{"name":"(anonymous_0)","decl":{"start":{"line":3,"column":22},"end":{"line":3,"column":23}},"loc":{"start":{"line":3,"column":48},"end":{"line":23,"column":1}},"line":3}},"branchMap":{"0":{"loc":{"start":{"line":9,"column":6},"end":{"line":17,"column":7}},"type":"if","locations":[{"start":{"line":9,"column":6},"end":{"line":17,"column":7}},{"start":{"line":11,"column":13},"end":{"line":17,"column":7}}],"line":9},"1":{"loc":{"start":{"line":12,"column":8},"end":{"line":16,"column":9}},"type":"if","locations":[{"start":{"line":12,"column":8},"end":{"line":16,"column":9}},{"start":{"line":14,"column":15},"end":{"line":16,"column":9}}],"line":12}},"s":{"0":1,"1":1,"2":4,"3":4,"4":4,"5":4,"6":2,"7":2,"8":1,"9":1,"10":1,"11":1},"f":{"0":4},"b":{"0":[2,2],"1":[1,1]},"_coverageSchema":"1a1c01bbd47fc00a2c39e90264f33305004495a9","hash":"a2546225a2e16a52a1354e57c7b98f1d72f7eb40"}
,"D:\\project\\Final-Project-revisi-test\\wismaloka\\server\\services\\users\\middlewares\\errHandler.js": {"path":"D:\\project\\Final-Project-revisi-test\\wismaloka\\server\\services\\users\\middlewares\\errHandler.js","statementMap":{"0":{"start":{"line":2,"column":2},"end":{"line":2,"column":19}},"1":{"start":{"line":3,"column":2},"end":{"line":52,"column":3}},"2":{"start":{"line":6,"column":6},"end":{"line":6,"column":47}},"3":{"start":{"line":6,"column":35},"end":{"line":6,"column":45}},"4":{"start":{"line":7,"column":6},"end":{"line":9,"column":9}},"5":{"start":{"line":10,"column":6},"end":{"line":10,"column":12}},"6":{"start":{"line":12,"column":6},"end":{"line":14,"column":9}},"7":{"start":{"line":15,"column":6},"end":{"line":15,"column":12}},"8":{"start":{"line":17,"column":6},"end":{"line":19,"column":9}},"9":{"start":{"line":20,"column":6},"end":{"line":20,"column":12}},"10":{"start":{"line":22,"column":6},"end":{"line":24,"column":9}},"11":{"start":{"line":25,"column":6},"end":{"line":25,"column":12}},"12":{"start":{"line":27,"column":6},"end":{"line":29,"column":9}},"13":{"start":{"line":30,"column":6},"end":{"line":30,"column":12}},"14":{"start":{"line":32,"column":6},"end":{"line":34,"column":9}},"15":{"start":{"line":35,"column":6},"end":{"line":35,"column":12}},"16":{"start":{"line":37,"column":6},"end":{"line":39,"column":9}},"17":{"start":{"line":40,"column":6},"end":{"line":40,"column":12}},"18":{"start":{"line":42,"column":6},"end":{"line":44,"column":9}},"19":{"start":{"line":45,"column":6},"end":{"line":45,"column":12}},"20":{"start":{"line":48,"column":6},"end":{"line":50,"column":9}},"21":{"start":{"line":51,"column":6},"end":{"line":51,"column":12}},"22":{"start":{"line":55,"column":0},"end":{"line":55,"column":27}}},"fnMap":{"0":{"name":"errHandle","decl":{"start":{"line":1,"column":9},"end":{"line":1,"column":18}},"loc":{"start":{"line":1,"column":40},"end":{"line":53,"column":1}},"line":1},"1":{"name":"(anonymous_1)","decl":{"start":{"line":6,"column":27},"end":{"line":6,"column":28}},"loc":{"start":{"line":6,"column":35},"end":{"line":6,"column":45}},"line":6}},"branchMap":{"0":{"loc":{"start":{"line":3,"column":2},"end":{"line":52,"column":3}},"type":"switch","locations":[{"start":{"line":4,"column":4},"end":{"line":4,"column":36}},{"start":{"line":5,"column":4},"end":{"line":10,"column":12}},{"start":{"line":11,"column":4},"end":{"line":15,"column":12}},{"start":{"line":16,"column":4},"end":{"line":20,"column":12}},{"start":{"line":21,"column":4},"end":{"line":25,"column":12}},{"start":{"line":26,"column":4},"end":{"line":30,"column":12}},{"start":{"line":31,"column":4},"end":{"line":35,"column":12}},{"start":{"line":36,"column":4},"end":{"line":40,"column":12}},{"start":{"line":41,"column":4},"end":{"line":45,"column":12}},{"start":{"line":47,"column":4},"end":{"line":51,"column":12}}],"line":3}},"s":{"0":26,"1":26,"2":15,"3":15,"4":15,"5":15,"6":1,"7":1,"8":1,"9":1,"10":2,"11":2,"12":3,"13":3,"14":1,"15":1,"16":1,"17":1,"18":1,"19":1,"20":1,"21":1,"22":1},"f":{"0":26,"1":15},"b":{"0":[12,15,1,1,2,3,1,1,1,1]},"_coverageSchema":"1a1c01bbd47fc00a2c39e90264f33305004495a9","hash":"e94aec7359efd07286bafb3cc44967f9d030bf18"}
,"D:\\project\\Final-Project-revisi-test\\wismaloka\\server\\services\\users\\middlewares\\imgKitMulter.js": {"path":"D:\\project\\Final-Project-revisi-test\\wismaloka\\server\\services\\users\\middlewares\\imgKitMulter.js","statementMap":{"0":{"start":{"line":1,"column":14},"end":{"line":1,"column":30}},"1":{"start":{"line":2,"column":17},"end":{"line":2,"column":37}},"2":{"start":{"line":6,"column":16},"end":{"line":6,"column":30}},"3":{"start":{"line":8,"column":4},"end":{"line":8,"column":52}},"4":{"start":{"line":9,"column":4},"end":{"line":9,"column":43}},"5":{"start":{"line":10,"column":16},"end":{"line":10,"column":55}},"6":{"start":{"line":11,"column":21},"end":{"line":11,"column":56}},"7":{"start":{"line":13,"column":4},"end":{"line":21,"column":7}},"8":{"start":{"line":25,"column":0},"end":{"line":25,"column":30}}},"fnMap":{"0":{"name":"imageKit","decl":{"start":{"line":4,"column":15},"end":{"line":4,"column":23}},"loc":{"start":{"line":4,"column":46},"end":{"line":23,"column":1}},"line":4}},"branchMap":{},"s":{"0":1,"1":1,"2":3,"3":3,"4":3,"5":3,"6":3,"7":3,"8":1},"f":{"0":3},"b":{},"_coverageSchema":"1a1c01bbd47fc00a2c39e90264f33305004495a9","hash":"7de49e6586b68343434fe6b08b9de6f9886a8ad2"}
,"D:\\project\\Final-Project-revisi-test\\wismaloka\\server\\services\\users\\models\\index.js": {"path":"D:\\project\\Final-Project-revisi-test\\wismaloka\\server\\services\\users\\models\\index.js","statementMap":{"0":{"start":{"line":3,"column":11},"end":{"line":3,"column":24}},"1":{"start":{"line":4,"column":13},"end":{"line":4,"column":28}},"2":{"start":{"line":5,"column":18},"end":{"line":5,"column":38}},"3":{"start":{"line":6,"column":17},"end":{"line":6,"column":42}},"4":{"start":{"line":7,"column":12},"end":{"line":7,"column":49}},"5":{"start":{"line":8,"column":15},"end":{"line":8,"column":65}},"6":{"start":{"line":9,"column":11},"end":{"line":9,"column":13}},"7":{"start":{"line":12,"column":0},"end":{"line":16,"column":1}},"8":{"start":{"line":13,"column":2},"end":{"line":13,"column":74}},"9":{"start":{"line":15,"column":2},"end":{"line":15,"column":87}},"10":{"start":{"line":18,"column":0},"end":{"line":26,"column":5}},"11":{"start":{"line":21,"column":4},"end":{"line":21,"column":90}},"12":{"start":{"line":24,"column":18},"end":{"line":24,"column":85}},"13":{"start":{"line":25,"column":4},"end":{"line":25,"column":27}},"14":{"start":{"line":28,"column":0},"end":{"line":32,"column":3}},"15":{"start":{"line":29,"column":2},"end":{"line":31,"column":3}},"16":{"start":{"line":30,"column":4},"end":{"line":30,"column":32}},"17":{"start":{"line":34,"column":0},"end":{"line":34,"column":25}},"18":{"start":{"line":35,"column":0},"end":{"line":35,"column":25}},"19":{"start":{"line":37,"column":0},"end":{"line":37,"column":20}}},"fnMap":{"0":{"name":"(anonymous_0)","decl":{"start":{"line":20,"column":10},"end":{"line":20,"column":11}},"loc":{"start":{"line":20,"column":18},"end":{"line":22,"column":3}},"line":20},"1":{"name":"(anonymous_1)","decl":{"start":{"line":23,"column":11},"end":{"line":23,"column":12}},"loc":{"start":{"line":23,"column":19},"end":{"line":26,"column":3}},"line":23},"2":{"name":"(anonymous_2)","decl":{"start":{"line":28,"column":24},"end":{"line":28,"column":25}},"loc":{"start":{"line":28,"column":37},"end":{"line":32,"column":1}},"line":28}},"branchMap":{"0":{"loc":{"start":{"line":7,"column":12},"end":{"line":7,"column":49}},"type":"binary-expr","locations":[{"start":{"line":7,"column":12},"end":{"line":7,"column":32}},{"start":{"line":7,"column":36},"end":{"line":7,"column":49}}],"line":7},"1":{"loc":{"start":{"line":12,"column":0},"end":{"line":16,"column":1}},"type":"if","locations":[{"start":{"line":12,"column":0},"end":{"line":16,"column":1}},{"start":{"line":14,"column":7},"end":{"line":16,"column":1}}],"line":12},"2":{"loc":{"start":{"line":21,"column":11},"end":{"line":21,"column":89}},"type":"binary-expr","locations":[{"start":{"line":21,"column":12},"end":{"line":21,"column":35}},{"start":{"line":21,"column":41},"end":{"line":21,"column":58}},{"start":{"line":21,"column":64},"end":{"line":21,"column":88}}],"line":21},"3":{"loc":{"start":{"line":29,"column":2},"end":{"line":31,"column":3}},"type":"if","locations":[{"start":{"line":29,"column":2},"end":{"line":31,"column":3}},{"start":{},"end":{}}],"line":29}},"s":{"0":1,"1":1,"2":1,"3":1,"4":1,"5":1,"6":1,"7":1,"8":0,"9":1,"10":1,"11":3,"12":2,"13":2,"14":1,"15":2,"16":2,"17":1,"18":1,"19":1},"f":{"0":3,"1":2,"2":2},"b":{"0":[1,0],"1":[0,1],"2":[3,3,2],"3":[2,0]},"_coverageSchema":"1a1c01bbd47fc00a2c39e90264f33305004495a9","hash":"dd08d604edd2acab3c73a901a1c1f3b64e64eb19"}
,"D:\\project\\Final-Project-revisi-test\\wismaloka\\server\\services\\users\\models\\user.js": {"path":"D:\\project\\Final-Project-revisi-test\\wismaloka\\server\\services\\users\\models\\user.js","statementMap":{"0":{"start":{"line":2,"column":18},"end":{"line":2,"column":38}},"1":{"start":{"line":3,"column":27},"end":{"line":3,"column":55}},"2":{"start":{"line":4,"column":0},"end":{"line":64,"column":2}},"3":{"start":{"line":13,"column":6},"end":{"line":13,"column":37}},"4":{"start":{"line":16,"column":2},"end":{"line":58,"column":4}},"5":{"start":{"line":42,"column":23},"end":{"line":42,"column":35}},"6":{"start":{"line":43,"column":12},"end":{"line":45,"column":13}},"7":{"start":{"line":44,"column":14},"end":{"line":44,"column":58}},"8":{"start":{"line":60,"column":2},"end":{"line":62,"column":5}},"9":{"start":{"line":61,"column":4},"end":{"line":61,"column":58}},"10":{"start":{"line":63,"column":2},"end":{"line":63,"column":14}}},"fnMap":{"0":{"name":"(anonymous_0)","decl":{"start":{"line":4,"column":17},"end":{"line":4,"column":18}},"loc":{"start":{"line":4,"column":43},"end":{"line":64,"column":1}},"line":4},"1":{"name":"(anonymous_1)","decl":{"start":{"line":11,"column":4},"end":{"line":11,"column":5}},"loc":{"start":{"line":11,"column":29},"end":{"line":14,"column":5}},"line":11},"2":{"name":"(anonymous_2)","decl":{"start":{"line":41,"column":10},"end":{"line":41,"column":11}},"loc":{"start":{"line":41,"column":28},"end":{"line":46,"column":11}},"line":41},"3":{"name":"(anonymous_3)","decl":{"start":{"line":60,"column":20},"end":{"line":60,"column":21}},"loc":{"start":{"line":60,"column":43},"end":{"line":62,"column":3}},"line":60}},"branchMap":{"0":{"loc":{"start":{"line":43,"column":12},"end":{"line":45,"column":13}},"type":"if","locations":[{"start":{"line":43,"column":12},"end":{"line":45,"column":13}},{"start":{},"end":{}}],"line":43}},"s":{"0":1,"1":1,"2":1,"3":1,"4":1,"5":19,"6":19,"7":3,"8":1,"9":10,"10":1},"f":{"0":1,"1":1,"2":19,"3":10},"b":{"0":[3,16]},"_coverageSchema":"1a1c01bbd47fc00a2c39e90264f33305004495a9","hash":"52011092ddf51b3ebf020079d34b323f58a71158"}
,"D:\\project\\Final-Project-revisi-test\\wismaloka\\server\\services\\users\\models\\userhouse.js": {"path":"D:\\project\\Final-Project-revisi-test\\wismaloka\\server\\services\\users\\models\\userhouse.js","statementMap":{"0":{"start":{"line":2,"column":18},"end":{"line":2,"column":38}},"1":{"start":{"line":3,"column":0},"end":{"line":26,"column":2}},"2":{"start":{"line":12,"column":6},"end":{"line":12,"column":39}},"3":{"start":{"line":15,"column":2},"end":{"line":24,"column":4}},"4":{"start":{"line":25,"column":2},"end":{"line":25,"column":19}}},"fnMap":{"0":{"name":"(anonymous_0)","decl":{"start":{"line":3,"column":17},"end":{"line":3,"column":18}},"loc":{"start":{"line":3,"column":43},"end":{"line":26,"column":1}},"line":3},"1":{"name":"(anonymous_1)","decl":{"start":{"line":10,"column":4},"end":{"line":10,"column":5}},"loc":{"start":{"line":10,"column":29},"end":{"line":13,"column":5}},"line":10}},"branchMap":{},"s":{"0":1,"1":1,"2":1,"3":1,"4":1},"f":{"0":1,"1":1},"b":{},"_coverageSchema":"1a1c01bbd47fc00a2c39e90264f33305004495a9","hash":"0141d93c75956a548a268343eb7a99847d97d02f"}
,"D:\\project\\Final-Project-revisi-test\\wismaloka\\server\\services\\users\\routes\\index.js": {"path":"D:\\project\\Final-Project-revisi-test\\wismaloka\\server\\services\\users\\routes\\index.js","statementMap":{"0":{"start":{"line":1,"column":16},"end":{"line":1,"column":34}},"1":{"start":{"line":2,"column":15},"end":{"line":2,"column":31}},"2":{"start":{"line":3,"column":23},"end":{"line":3,"column":64}},"3":{"start":{"line":4,"column":23},"end":{"line":4,"column":55}},"4":{"start":{"line":5,"column":22},"end":{"line":5,"column":57}},"5":{"start":{"line":7,"column":15},"end":{"line":7,"column":32}},"6":{"start":{"line":9,"column":15},"end":{"line":9,"column":23}},"7":{"start":{"line":11,"column":0},"end":{"line":11,"column":50}},"8":{"start":{"line":13,"column":0},"end":{"line":17,"column":2}},"9":{"start":{"line":18,"column":0},"end":{"line":22,"column":2}},"10":{"start":{"line":23,"column":0},"end":{"line":27,"column":2}},"11":{"start":{"line":29,"column":0},"end":{"line":29,"column":47}},"12":{"start":{"line":31,"column":0},"end":{"line":31,"column":54}},"13":{"start":{"line":33,"column":0},"end":{"line":33,"column":27}},"14":{"start":{"line":34,"column":0},"end":{"line":34,"column":48}},"15":{"start":{"line":36,"column":0},"end":{"line":36,"column":57}},"16":{"start":{"line":38,"column":0},"end":{"line":38,"column":70}},"17":{"start":{"line":40,"column":0},"end":{"line":40,"column":24}}},"fnMap":{},"branchMap":{},"s":{"0":1,"1":1,"2":1,"3":1,"4":1,"5":1,"6":1,"7":1,"8":1,"9":1,"10":1,"11":1,"12":1,"13":1,"14":1,"15":1,"16":1,"17":1},"f":{},"b":{},"_coverageSchema":"1a1c01bbd47fc00a2c39e90264f33305004495a9","hash":"47e0db79ade958b258506f8e8ceb3123929fce77"}
}
