TN:
SF:app.js
FNF:0
FNH:0
DA:1,1
DA:2,1
DA:4,1
DA:5,1
DA:6,1
DA:7,1
DA:8,1
DA:11,1
DA:12,1
DA:13,1
DA:14,1
DA:16,1
DA:20,1
LF:13
LH:13
BRDA:1,0,0,1
BRDA:1,0,1,0
BRF:2
BRH:1
end_of_record
TN:
SF:controlllers\userController.js
FN:9,(anonymous_0)
FN:75,(anonymous_1)
FN:138,(anonymous_2)
FN:201,(anonymous_3)
FN:245,(anonymous_4)
FN:264,(anonymous_5)
FN:284,(anonymous_6)
FN:305,(anonymous_7)
FN:329,(anonymous_8)
FNF:9
FNH:0
FNDA:0,(anonymous_0)
FNDA:0,(anonymous_1)
FNDA:0,(anonymous_2)
FNDA:0,(anonymous_3)
FNDA:0,(anonymous_4)
FNDA:0,(anonymous_5)
FNDA:0,(anonymous_6)
FNDA:0,(anonymous_7)
FNDA:0,(anonymous_8)
DA:1,1
DA:2,1
DA:3,1
DA:4,1
DA:5,1
DA:10,0
DA:11,0
DA:14,0
DA:15,0
DA:17,0
DA:18,0
DA:19,0
DA:29,0
DA:33,0
DA:43,0
DA:52,0
DA:56,0
DA:69,0
DA:70,0
DA:76,0
DA:77,0
DA:78,0
DA:79,0
DA:81,0
DA:82,0
DA:84,0
DA:94,0
DA:98,0
DA:108,0
DA:117,0
DA:121,0
DA:132,0
DA:133,0
DA:139,0
DA:140,0
DA:142,0
DA:143,0
DA:145,0
DA:146,0
DA:148,0
DA:158,0
DA:162,0
DA:172,0
DA:181,0
DA:185,0
DA:196,0
DA:202,0
DA:203,0
DA:205,0
DA:211,0
DA:212,0
DA:214,0
DA:215,0
DA:218,0
DA:219,0
DA:221,0
DA:223,0
DA:224,0
DA:227,0
DA:228,0
DA:230,0
DA:240,0
DA:246,0
DA:247,0
DA:251,0
DA:252,0
DA:255,0
DA:260,0
DA:265,0
DA:266,0
DA:268,0
DA:271,0
DA:272,0
DA:274,0
DA:279,0
DA:280,0
DA:285,0
DA:286,0
DA:288,0
DA:289,0
DA:290,0
DA:293,0
DA:295,0
DA:300,0
DA:306,0
DA:307,0
DA:317,0
DA:319,0
DA:324,0
DA:325,0
DA:330,0
DA:331,0
DA:333,0
DA:335,0
DA:336,0
DA:338,0
DA:340,0
DA:344,0
DA:349,1
LF:99
LH:6
BRDA:14,0,0,0
BRDA:14,0,1,0
BRDA:78,1,0,0
BRDA:78,1,1,0
BRDA:142,2,0,0
BRDA:142,2,1,0
BRDA:211,3,0,0
BRDA:211,3,1,0
BRDA:214,4,0,0
BRDA:214,4,1,0
BRDA:218,5,0,0
BRDA:218,5,1,0
BRDA:223,6,0,0
BRDA:223,6,1,0
BRDA:251,7,0,0
BRDA:251,7,1,0
BRDA:271,8,0,0
BRDA:271,8,1,0
BRDA:289,9,0,0
BRDA:289,9,1,0
BRDA:335,10,0,0
BRDA:335,10,1,0
BRF:22
BRH:0
end_of_record
TN:
SF:helpers\bcrypt.js
FN:3,createHashPass
FN:7,comparePass
FNF:2
FNH:0
FNDA:0,createHashPass
FNDA:0,comparePass
DA:1,1
DA:4,0
DA:8,0
DA:11,1
LF:4
LH:2
BRF:0
BRH:0
end_of_record
TN:
SF:helpers\jwt.js
FN:5,createToken
FN:9,readToken
FNF:2
FNH:0
FNDA:0,createToken
FNDA:0,readToken
DA:1,1
DA:3,1
DA:6,0
DA:10,0
DA:13,1
LF:5
LH:3
BRF:0
BRH:0
end_of_record
TN:
SF:helpers\midtrans.js
FNF:0
FNH:0
DA:1,1
DA:3,1
DA:9,1
LF:3
LH:3
BRF:0
BRH:0
end_of_record
TN:
SF:middlewares\authen.js
FN:4,(anonymous_0)
FNF:1
FNH:0
FNDA:0,(anonymous_0)
DA:1,1
DA:2,1
DA:4,1
DA:5,0
DA:7,0
DA:8,0
DA:10,0
DA:13,0
DA:14,0
DA:16,0
DA:22,0
DA:23,0
DA:27,0
DA:31,1
LF:14
LH:4
BRDA:13,0,0,0
BRDA:13,0,1,0
BRF:2
BRH:0
end_of_record
TN:
SF:middlewares\authorize.js
FN:3,(anonymous_0)
FNF:1
FNH:0
FNDA:0,(anonymous_0)
DA:1,1
DA:3,1
DA:4,0
DA:5,0
DA:6,0
DA:8,0
DA:9,0
DA:11,0
DA:12,0
DA:14,0
DA:15,0
DA:17,0
DA:23,0
DA:27,1
LF:14
LH:3
BRDA:8,0,0,0
BRDA:8,0,1,0
BRDA:11,1,0,0
BRDA:11,1,1,0
BRDA:14,2,0,0
BRDA:14,2,1,0
BRF:6
BRH:0
end_of_record
TN:
SF:middlewares\errHandler.js
FN:1,errHandle
FN:6,(anonymous_1)
FNF:2
FNH:0
FNDA:0,errHandle
FNDA:0,(anonymous_1)
DA:2,0
DA:3,0
DA:6,0
DA:7,0
DA:10,0
DA:12,0
DA:15,0
DA:17,0
DA:20,0
DA:22,0
DA:25,0
DA:27,0
DA:30,0
DA:32,0
DA:35,0
DA:37,0
DA:40,0
DA:43,0
DA:46,0
DA:50,1
LF:20
LH:1
BRDA:3,0,0,0
BRDA:3,0,1,0
BRDA:3,0,2,0
BRDA:3,0,3,0
BRDA:3,0,4,0
BRDA:3,0,5,0
BRDA:3,0,6,0
BRDA:3,0,7,0
BRDA:3,0,8,0
BRF:9
BRH:0
end_of_record
TN:
SF:middlewares\imgKitMulter.js
FN:4,imageKit
FNF:1
FNH:0
FNDA:0,imageKit
DA:1,1
DA:2,1
DA:5,0
DA:6,0
DA:8,0
DA:9,0
DA:10,0
DA:11,0
DA:13,0
DA:23,0
DA:27,1
LF:11
LH:3
BRF:0
BRH:0
end_of_record
TN:
SF:models\index.js
FN:20,(anonymous_0)
FN:23,(anonymous_1)
FN:28,(anonymous_2)
FNF:3
FNH:3
FNDA:3,(anonymous_0)
FNDA:2,(anonymous_1)
FNDA:2,(anonymous_2)
DA:3,1
DA:4,1
DA:5,1
DA:6,1
DA:7,1
DA:8,1
DA:9,1
DA:12,1
DA:13,0
DA:15,1
DA:18,1
DA:21,3
DA:24,2
DA:25,2
DA:28,1
DA:29,2
DA:30,2
DA:34,1
DA:35,1
DA:37,1
LF:20
LH:19
BRDA:7,0,0,1
BRDA:7,0,1,0
BRDA:12,1,0,0
BRDA:12,1,1,1
BRDA:21,2,0,3
BRDA:21,2,1,3
BRDA:21,2,2,2
BRDA:29,3,0,2
BRDA:29,3,1,0
BRF:9
BRH:6
end_of_record
TN:
SF:models\user.js
FN:4,(anonymous_0)
FN:11,(anonymous_1)
FN:41,(anonymous_2)
FN:60,(anonymous_3)
FNF:4
FNH:2
FNDA:1,(anonymous_0)
FNDA:1,(anonymous_1)
FNDA:0,(anonymous_2)
FNDA:0,(anonymous_3)
DA:2,1
DA:3,1
DA:4,1
DA:13,1
DA:16,1
DA:42,0
DA:43,0
DA:44,0
DA:60,1
DA:61,0
DA:63,1
LF:11
LH:7
BRDA:43,0,0,0
BRDA:43,0,1,0
BRF:2
BRH:0
end_of_record
TN:
SF:models\userhouse.js
FN:3,(anonymous_0)
FN:10,(anonymous_1)
FNF:2
FNH:2
FNDA:1,(anonymous_0)
FNDA:1,(anonymous_1)
DA:2,1
DA:3,1
DA:12,1
DA:15,1
DA:25,1
LF:5
LH:5
BRF:0
BRH:0
end_of_record
TN:
SF:routes\index.js
FNF:0
FNH:0
DA:1,1
DA:2,1
DA:3,1
DA:4,1
DA:5,1
DA:7,1
DA:9,1
DA:11,1
DA:13,1
DA:18,1
DA:23,1
DA:29,1
DA:31,1
DA:33,1
DA:34,1
DA:36,1
DA:38,1
DA:40,1
LF:18
LH:18
BRF:0
BRH:0
end_of_record
