TN:
SF:app.js
FNF:0
FNH:0
DA:1,1
DA:2,1
DA:4,1
DA:5,1
DA:6,1
DA:8,1
DA:9,1
DA:12,1
DA:13,1
DA:14,1
DA:15,1
DA:17,1
DA:20,1
LF:13
LH:13
BRDA:1,0,0,1
BRDA:1,0,1,0
BRF:2
BRH:1
end_of_record
TN:
SF:controlllers\userController.js
FN:8,(anonymous_0)
FN:73,(anonymous_1)
FN:136,(anonymous_2)
FN:199,(anonymous_3)
FN:242,(anonymous_4)
FN:257,(anonymous_5)
FN:277,(anonymous_6)
FNF:7
FNH:7
FNDA:6,(anonymous_0)
FNDA:6,(anonymous_1)
FNDA:6,(anonymous_2)
FNDA:6,(anonymous_3)
FNDA:1,(anonymous_4)
FNDA:3,(anonymous_5)
FNDA:1,(anonymous_6)
DA:1,1
DA:2,1
DA:3,1
DA:4,1
DA:9,6
DA:10,6
DA:13,6
DA:14,0
DA:16,0
DA:17,0
DA:18,0
DA:28,0
DA:32,0
DA:41,6
DA:50,1
DA:54,1
DA:67,5
DA:68,5
DA:74,6
DA:75,6
DA:76,6
DA:77,0
DA:79,0
DA:80,0
DA:82,0
DA:92,0
DA:96,0
DA:105,6
DA:114,1
DA:118,1
DA:130,5
DA:131,5
DA:137,6
DA:138,6
DA:140,6
DA:141,0
DA:143,0
DA:144,0
DA:146,0
DA:156,0
DA:160,0
DA:169,6
DA:178,1
DA:182,1
DA:194,5
DA:200,6
DA:201,6
DA:203,6
DA:209,6
DA:210,1
DA:212,5
DA:213,1
DA:216,4
DA:217,1
DA:219,3
DA:221,3
DA:222,0
DA:225,3
DA:226,3
DA:228,3
DA:237,3
DA:243,1
DA:244,1
DA:248,1
DA:253,0
DA:258,3
DA:259,3
DA:261,3
DA:264,2
DA:265,1
DA:267,1
DA:272,2
DA:273,2
DA:278,1
DA:279,1
DA:281,1
DA:282,1
DA:283,0
DA:286,1
DA:288,1
DA:293,0
DA:298,1
LF:82
LH:60
BRDA:13,0,0,0
BRDA:13,0,1,6
BRDA:76,1,0,0
BRDA:76,1,1,6
BRDA:140,2,0,0
BRDA:140,2,1,6
BRDA:209,3,0,1
BRDA:209,3,1,5
BRDA:212,4,0,1
BRDA:212,4,1,4
BRDA:216,5,0,1
BRDA:216,5,1,3
BRDA:221,6,0,0
BRDA:221,6,1,3
BRDA:264,7,0,1
BRDA:264,7,1,1
BRDA:282,8,0,0
BRDA:282,8,1,1
BRF:18
BRH:13
end_of_record
TN:
SF:helpers\bcrypt.js
FN:3,createHashPass
FN:7,comparePass
FNF:2
FNH:2
FNDA:6,createHashPass
FNDA:3,comparePass
DA:1,1
DA:4,6
DA:8,3
DA:11,1
LF:4
LH:4
BRF:0
BRH:0
end_of_record
TN:
SF:helpers\jwt.js
FN:5,createToken
FN:9,readToken
FNF:2
FNH:2
FNDA:3,createToken
FNDA:3,readToken
DA:1,1
DA:3,1
DA:6,3
DA:10,3
DA:13,1
LF:5
LH:5
BRF:0
BRH:0
end_of_record
TN:
SF:middlewares\authen.js
FN:4,(anonymous_0)
FNF:1
FNH:1
FNDA:3,(anonymous_0)
DA:1,1
DA:2,1
DA:4,1
DA:5,3
DA:7,3
DA:8,3
DA:10,2
DA:13,2
DA:14,1
DA:16,1
DA:22,1
DA:26,2
DA:30,1
LF:13
LH:13
BRDA:13,0,0,1
BRDA:13,0,1,1
BRF:2
BRH:2
end_of_record
TN:
SF:middlewares\authorize.js
FN:3,(anonymous_0)
FNF:1
FNH:1
FNDA:1,(anonymous_0)
DA:1,1
DA:3,1
DA:4,1
DA:5,1
DA:6,1
DA:8,1
DA:9,0
DA:11,1
DA:12,0
DA:14,1
DA:15,1
DA:17,0
DA:23,0
DA:27,1
LF:14
LH:10
BRDA:8,0,0,0
BRDA:8,0,1,1
BRDA:11,1,0,0
BRDA:11,1,1,1
BRDA:14,2,0,1
BRDA:14,2,1,0
BRF:6
BRH:3
end_of_record
TN:
SF:middlewares\errHandler.js
FN:1,errHandle
FN:6,(anonymous_1)
FNF:2
FNH:2
FNDA:22,errHandle
FNDA:15,(anonymous_1)
DA:2,22
DA:3,22
DA:6,15
DA:7,15
DA:10,15
DA:12,1
DA:15,1
DA:17,1
DA:20,1
DA:22,1
DA:25,1
DA:27,1
DA:30,1
DA:32,1
DA:35,1
DA:37,1
DA:40,1
DA:43,1
DA:46,1
DA:50,1
LF:20
LH:20
BRDA:3,0,0,12
BRDA:3,0,1,15
BRDA:3,0,2,1
BRDA:3,0,3,1
BRDA:3,0,4,1
BRDA:3,0,5,1
BRDA:3,0,6,1
BRDA:3,0,7,1
BRDA:3,0,8,1
BRF:9
BRH:9
end_of_record
TN:
SF:middlewares\imgKitMulter.js
FN:4,imageKit
FNF:1
FNH:0
FNDA:0,imageKit
DA:1,1
DA:2,1
DA:5,0
DA:6,0
DA:8,0
DA:9,0
DA:10,0
DA:11,0
DA:13,0
DA:23,0
DA:27,1
LF:11
LH:3
BRF:0
BRH:0
end_of_record
TN:
SF:models\index.js
FN:20,(anonymous_0)
FN:23,(anonymous_1)
FN:28,(anonymous_2)
FNF:3
FNH:3
FNDA:3,(anonymous_0)
FNDA:2,(anonymous_1)
FNDA:2,(anonymous_2)
DA:3,1
DA:4,1
DA:5,1
DA:6,1
DA:7,1
DA:8,1
DA:9,1
DA:12,1
DA:13,0
DA:15,1
DA:18,1
DA:21,3
DA:24,2
DA:25,2
DA:28,1
DA:29,2
DA:30,2
DA:34,1
DA:35,1
DA:37,1
LF:20
LH:19
BRDA:7,0,0,1
BRDA:7,0,1,0
BRDA:12,1,0,0
BRDA:12,1,1,1
BRDA:21,2,0,3
BRDA:21,2,1,3
BRDA:21,2,2,2
BRDA:29,3,0,2
BRDA:29,3,1,0
BRF:9
BRH:6
end_of_record
TN:
SF:models\user.js
FN:4,(anonymous_0)
FN:11,(anonymous_1)
FN:41,(anonymous_2)
FN:60,(anonymous_3)
FNF:4
FNH:4
FNDA:1,(anonymous_0)
FNDA:1,(anonymous_1)
FNDA:15,(anonymous_2)
FNDA:6,(anonymous_3)
DA:2,1
DA:3,1
DA:4,1
DA:13,1
DA:16,1
DA:42,15
DA:43,15
DA:44,3
DA:60,1
DA:61,6
DA:63,1
LF:11
LH:11
BRDA:43,0,0,3
BRDA:43,0,1,12
BRF:2
BRH:2
end_of_record
TN:
SF:models\userhouse.js
FN:3,(anonymous_0)
FN:10,(anonymous_1)
FNF:2
FNH:2
FNDA:1,(anonymous_0)
FNDA:1,(anonymous_1)
DA:2,1
DA:3,1
DA:12,1
DA:15,1
DA:25,1
LF:5
LH:5
BRF:0
BRH:0
end_of_record
TN:
SF:routes\index.js
FNF:0
FNH:0
DA:1,1
DA:2,1
DA:3,1
DA:4,1
DA:5,1
DA:7,1
DA:9,1
DA:11,1
DA:13,1
DA:18,1
DA:23,1
DA:29,1
DA:31,1
DA:33,1
DA:35,1
DA:37,1
LF:16
LH:16
BRF:0
BRH:0
end_of_record
