{"D:\\2 - Hacktiv8\\Phase 3\\WL PR terbaru\\wismaloka\\server\\services\\app\\app.js": {"path":"D:\\2 - Hacktiv8\\Phase 3\\WL PR terbaru\\wismaloka\\server\\services\\app\\app.js","statementMap":{"0":{"start":{"line":1,"column":0},"end":{"line":3,"column":1}},"1":{"start":{"line":2,"column":2},"end":{"line":2,"column":29}},"2":{"start":{"line":4,"column":16},"end":{"line":4,"column":34}},"3":{"start":{"line":5,"column":15},"end":{"line":5,"column":34}},"4":{"start":{"line":6,"column":21},"end":{"line":6,"column":58}},"5":{"start":{"line":7,"column":13},"end":{"line":7,"column":28}},"6":{"start":{"line":8,"column":12},"end":{"line":8,"column":21}},"7":{"start":{"line":10,"column":0},"end":{"line":10,"column":16}},"8":{"start":{"line":11,"column":0},"end":{"line":11,"column":24}},"9":{"start":{"line":12,"column":0},"end":{"line":12,"column":48}},"10":{"start":{"line":13,"column":0},"end":{"line":13,"column":16}},"11":{"start":{"line":15,"column":0},"end":{"line":15,"column":22}},"12":{"start":{"line":19,"column":0},"end":{"line":19,"column":21}}},"fnMap":{},"branchMap":{"0":{"loc":{"start":{"line":1,"column":0},"end":{"line":3,"column":1}},"type":"if","locations":[{"start":{"line":1,"column":0},"end":{"line":3,"column":1}},{"start":{},"end":{}}],"line":1}},"s":{"0":1,"1":1,"2":1,"3":1,"4":1,"5":1,"6":1,"7":1,"8":1,"9":1,"10":1,"11":1,"12":1},"f":{},"b":{"0":[1,0]},"_coverageSchema":"1a1c01bbd47fc00a2c39e90264f33305004495a9","hash":"64700f893a1876e7eb56d60a4f3bdbb11c8e7129"}
,"D:\\2 - Hacktiv8\\Phase 3\\WL PR terbaru\\wismaloka\\server\\services\\app\\controllers\\houseController.js": {"path":"D:\\2 - Hacktiv8\\Phase 3\\WL PR terbaru\\wismaloka\\server\\services\\app\\controllers\\houseController.js","statementMap":{"0":{"start":{"line":1,"column":51},"end":{"line":1,"column":77}},"1":{"start":{"line":4,"column":4},"end":{"line":27,"column":5}},"2":{"start":{"line":5,"column":25},"end":{"line":5,"column":34}},"3":{"start":{"line":7,"column":6},"end":{"line":16,"column":7}},"4":{"start":{"line":8,"column":8},"end":{"line":11,"column":10}},"5":{"start":{"line":13,"column":8},"end":{"line":15,"column":10}},"6":{"start":{"line":17,"column":21},"end":{"line":17,"column":49}},"7":{"start":{"line":18,"column":6},"end":{"line":23,"column":7}},"8":{"start":{"line":19,"column":8},"end":{"line":22,"column":10}},"9":{"start":{"line":24,"column":6},"end":{"line":24,"column":35}},"10":{"start":{"line":26,"column":6},"end":{"line":26,"column":16}},"11":{"start":{"line":30,"column":4},"end":{"line":44,"column":5}},"12":{"start":{"line":31,"column":20},"end":{"line":34,"column":8}},"13":{"start":{"line":35,"column":6},"end":{"line":40,"column":7}},"14":{"start":{"line":36,"column":8},"end":{"line":39,"column":10}},"15":{"start":{"line":41,"column":6},"end":{"line":41,"column":34}},"16":{"start":{"line":43,"column":6},"end":{"line":43,"column":16}},"17":{"start":{"line":47,"column":14},"end":{"line":47,"column":43}},"18":{"start":{"line":48,"column":19},"end":{"line":48,"column":30}},"19":{"start":{"line":63,"column":8},"end":{"line":63,"column":16}},"20":{"start":{"line":65,"column":4},"end":{"line":103,"column":5}},"21":{"start":{"line":66,"column":20},"end":{"line":78,"column":7}},"22":{"start":{"line":80,"column":19},"end":{"line":80,"column":35}},"23":{"start":{"line":83,"column":22},"end":{"line":83,"column":30}},"24":{"start":{"line":84,"column":6},"end":{"line":84,"column":50}},"25":{"start":{"line":84,"column":26},"end":{"line":84,"column":47}},"26":{"start":{"line":85,"column":6},"end":{"line":96,"column":8}},"27":{"start":{"line":97,"column":6},"end":{"line":97,"column":57}},"28":{"start":{"line":98,"column":6},"end":{"line":98,"column":23}},"29":{"start":{"line":99,"column":6},"end":{"line":99,"column":34}},"30":{"start":{"line":101,"column":6},"end":{"line":101,"column":25}},"31":{"start":{"line":102,"column":6},"end":{"line":102,"column":16}},"32":{"start":{"line":106,"column":14},"end":{"line":106,"column":43}},"33":{"start":{"line":121,"column":8},"end":{"line":121,"column":16}},"34":{"start":{"line":122,"column":4},"end":{"line":181,"column":5}},"35":{"start":{"line":123,"column":26},"end":{"line":134,"column":7}},"36":{"start":{"line":135,"column":24},"end":{"line":139,"column":8}},"37":{"start":{"line":141,"column":6},"end":{"line":146,"column":7}},"38":{"start":{"line":142,"column":8},"end":{"line":145,"column":10}},"39":{"start":{"line":147,"column":19},"end":{"line":147,"column":35}},"40":{"start":{"line":149,"column":22},"end":{"line":149,"column":34}},"41":{"start":{"line":150,"column":6},"end":{"line":150,"column":54}},"42":{"start":{"line":150,"column":26},"end":{"line":150,"column":51}},"43":{"start":{"line":151,"column":6},"end":{"line":154,"column":9}},"44":{"start":{"line":155,"column":6},"end":{"line":158,"column":9}},"45":{"start":{"line":159,"column":6},"end":{"line":170,"column":8}},"46":{"start":{"line":171,"column":6},"end":{"line":171,"column":57}},"47":{"start":{"line":172,"column":6},"end":{"line":172,"column":23}},"48":{"start":{"line":174,"column":6},"end":{"line":177,"column":9}},"49":{"start":{"line":179,"column":6},"end":{"line":179,"column":25}},"50":{"start":{"line":180,"column":6},"end":{"line":180,"column":16}},"51":{"start":{"line":184,"column":19},"end":{"line":184,"column":29}},"52":{"start":{"line":185,"column":4},"end":{"line":197,"column":5}},"53":{"start":{"line":186,"column":20},"end":{"line":186,"column":44}},"54":{"start":{"line":187,"column":6},"end":{"line":192,"column":7}},"55":{"start":{"line":188,"column":8},"end":{"line":191,"column":10}},"56":{"start":{"line":193,"column":6},"end":{"line":193,"column":45}},"57":{"start":{"line":194,"column":6},"end":{"line":194,"column":57}},"58":{"start":{"line":196,"column":6},"end":{"line":196,"column":16}},"59":{"start":{"line":200,"column":0},"end":{"line":200,"column":33}}},"fnMap":{"0":{"name":"(anonymous_0)","decl":{"start":{"line":3,"column":2},"end":{"line":3,"column":3}},"loc":{"start":{"line":3,"column":44},"end":{"line":28,"column":3}},"line":3},"1":{"name":"(anonymous_1)","decl":{"start":{"line":29,"column":2},"end":{"line":29,"column":3}},"loc":{"start":{"line":29,"column":44},"end":{"line":45,"column":3}},"line":29},"2":{"name":"(anonymous_2)","decl":{"start":{"line":46,"column":2},"end":{"line":46,"column":3}},"loc":{"start":{"line":46,"column":43},"end":{"line":104,"column":3}},"line":46},"3":{"name":"(anonymous_3)","decl":{"start":{"line":84,"column":17},"end":{"line":84,"column":18}},"loc":{"start":{"line":84,"column":26},"end":{"line":84,"column":47}},"line":84},"4":{"name":"(anonymous_4)","decl":{"start":{"line":105,"column":2},"end":{"line":105,"column":3}},"loc":{"start":{"line":105,"column":43},"end":{"line":182,"column":3}},"line":105},"5":{"name":"(anonymous_5)","decl":{"start":{"line":150,"column":17},"end":{"line":150,"column":18}},"loc":{"start":{"line":150,"column":26},"end":{"line":150,"column":51}},"line":150},"6":{"name":"(anonymous_6)","decl":{"start":{"line":183,"column":2},"end":{"line":183,"column":3}},"loc":{"start":{"line":183,"column":43},"end":{"line":198,"column":3}},"line":183}},"branchMap":{"0":{"loc":{"start":{"line":7,"column":6},"end":{"line":16,"column":7}},"type":"if","locations":[{"start":{"line":7,"column":6},"end":{"line":16,"column":7}},{"start":{"line":12,"column":13},"end":{"line":16,"column":7}}],"line":7},"1":{"loc":{"start":{"line":18,"column":6},"end":{"line":23,"column":7}},"type":"if","locations":[{"start":{"line":18,"column":6},"end":{"line":23,"column":7}},{"start":{},"end":{}}],"line":18},"2":{"loc":{"start":{"line":35,"column":6},"end":{"line":40,"column":7}},"type":"if","locations":[{"start":{"line":35,"column":6},"end":{"line":40,"column":7}},{"start":{},"end":{}}],"line":35},"3":{"loc":{"start":{"line":141,"column":6},"end":{"line":146,"column":7}},"type":"if","locations":[{"start":{"line":141,"column":6},"end":{"line":146,"column":7}},{"start":{},"end":{}}],"line":141},"4":{"loc":{"start":{"line":187,"column":6},"end":{"line":192,"column":7}},"type":"if","locations":[{"start":{"line":187,"column":6},"end":{"line":192,"column":7}},{"start":{},"end":{}}],"line":187}},"s":{"0":1,"1":3,"2":3,"3":3,"4":1,"5":2,"6":3,"7":3,"8":1,"9":2,"10":1,"11":2,"12":2,"13":2,"14":1,"15":1,"16":1,"17":9,"18":9,"19":9,"20":9,"21":9,"22":3,"23":3,"24":3,"25":3,"26":3,"27":3,"28":3,"29":3,"30":6,"31":6,"32":3,"33":3,"34":3,"35":3,"36":3,"37":3,"38":1,"39":2,"40":2,"41":2,"42":2,"43":2,"44":2,"45":2,"46":1,"47":1,"48":1,"49":2,"50":2,"51":4,"52":4,"53":4,"54":4,"55":1,"56":3,"57":3,"58":1,"59":1},"f":{"0":3,"1":2,"2":9,"3":3,"4":3,"5":2,"6":4},"b":{"0":[1,2],"1":[1,2],"2":[1,1],"3":[1,2],"4":[1,3]},"_coverageSchema":"1a1c01bbd47fc00a2c39e90264f33305004495a9","hash":"dca41b2566df9512dfc43c80516845d5bb749615"}
,"D:\\2 - Hacktiv8\\Phase 3\\WL PR terbaru\\wismaloka\\server\\services\\app\\controllers\\specController.js": {"path":"D:\\2 - Hacktiv8\\Phase 3\\WL PR terbaru\\wismaloka\\server\\services\\app\\controllers\\specController.js","statementMap":{"0":{"start":{"line":1,"column":26},"end":{"line":1,"column":52}},"1":{"start":{"line":5,"column":4},"end":{"line":17,"column":5}},"2":{"start":{"line":6,"column":20},"end":{"line":6,"column":49}},"3":{"start":{"line":7,"column":6},"end":{"line":12,"column":7}},"4":{"start":{"line":8,"column":8},"end":{"line":11,"column":10}},"5":{"start":{"line":13,"column":6},"end":{"line":13,"column":34}},"6":{"start":{"line":16,"column":6},"end":{"line":16,"column":16}},"7":{"start":{"line":20,"column":0},"end":{"line":20,"column":32}}},"fnMap":{"0":{"name":"(anonymous_0)","decl":{"start":{"line":4,"column":2},"end":{"line":4,"column":3}},"loc":{"start":{"line":4,"column":43},"end":{"line":18,"column":3}},"line":4}},"branchMap":{"0":{"loc":{"start":{"line":7,"column":6},"end":{"line":12,"column":7}},"type":"if","locations":[{"start":{"line":7,"column":6},"end":{"line":12,"column":7}},{"start":{},"end":{}}],"line":7}},"s":{"0":1,"1":2,"2":2,"3":2,"4":1,"5":1,"6":1,"7":1},"f":{"0":2},"b":{"0":[1,1]},"_coverageSchema":"1a1c01bbd47fc00a2c39e90264f33305004495a9","hash":"6ce02a4b3892e7afb1c416a661aecf9c60014271"}
,"D:\\2 - Hacktiv8\\Phase 3\\WL PR terbaru\\wismaloka\\server\\services\\app\\middlewares\\authorize.js": {"path":"D:\\2 - Hacktiv8\\Phase 3\\WL PR terbaru\\wismaloka\\server\\services\\app\\middlewares\\authorize.js","statementMap":{"0":{"start":{"line":1,"column":18},"end":{"line":1,"column":44}},"1":{"start":{"line":3,"column":22},"end":{"line":20,"column":1}},"2":{"start":{"line":4,"column":2},"end":{"line":19,"column":3}},"3":{"start":{"line":5,"column":19},"end":{"line":5,"column":29}},"4":{"start":{"line":6,"column":21},"end":{"line":6,"column":45}},"5":{"start":{"line":8,"column":4},"end":{"line":16,"column":5}},"6":{"start":{"line":9,"column":6},"end":{"line":9,"column":13}},"7":{"start":{"line":11,"column":6},"end":{"line":15,"column":7}},"8":{"start":{"line":12,"column":8},"end":{"line":12,"column":15}},"9":{"start":{"line":14,"column":8},"end":{"line":14,"column":36}},"10":{"start":{"line":18,"column":4},"end":{"line":18,"column":16}},"11":{"start":{"line":22,"column":0},"end":{"line":22,"column":31}}},"fnMap":{"0":{"name":"(anonymous_0)","decl":{"start":{"line":3,"column":22},"end":{"line":3,"column":23}},"loc":{"start":{"line":3,"column":48},"end":{"line":20,"column":1}},"line":3}},"branchMap":{"0":{"loc":{"start":{"line":8,"column":4},"end":{"line":16,"column":5}},"type":"if","locations":[{"start":{"line":8,"column":4},"end":{"line":16,"column":5}},{"start":{"line":10,"column":11},"end":{"line":16,"column":5}}],"line":8},"1":{"loc":{"start":{"line":11,"column":6},"end":{"line":15,"column":7}},"type":"if","locations":[{"start":{"line":11,"column":6},"end":{"line":15,"column":7}},{"start":{"line":13,"column":13},"end":{"line":15,"column":7}}],"line":11}},"s":{"0":1,"1":1,"2":8,"3":8,"4":8,"5":8,"6":6,"7":2,"8":1,"9":1,"10":1,"11":1},"f":{"0":8},"b":{"0":[6,2],"1":[1,1]},"_coverageSchema":"1a1c01bbd47fc00a2c39e90264f33305004495a9","hash":"dc97a8048543df711901f393ee998483decd4a51"}
,"D:\\2 - Hacktiv8\\Phase 3\\WL PR terbaru\\wismaloka\\server\\services\\app\\middlewares\\errorHandler.js": {"path":"D:\\2 - Hacktiv8\\Phase 3\\WL PR terbaru\\wismaloka\\server\\services\\app\\middlewares\\errorHandler.js","statementMap":{"0":{"start":{"line":1,"column":21},"end":{"line":36,"column":1}},"1":{"start":{"line":2,"column":2},"end":{"line":35,"column":3}},"2":{"start":{"line":5,"column":6},"end":{"line":5,"column":47}},"3":{"start":{"line":5,"column":35},"end":{"line":5,"column":45}},"4":{"start":{"line":6,"column":22},"end":{"line":6,"column":36}},"5":{"start":{"line":7,"column":6},"end":{"line":7,"column":40}},"6":{"start":{"line":8,"column":6},"end":{"line":8,"column":12}},"7":{"start":{"line":13,"column":6},"end":{"line":15,"column":9}},"8":{"start":{"line":16,"column":6},"end":{"line":16,"column":12}},"9":{"start":{"line":18,"column":6},"end":{"line":20,"column":9}},"10":{"start":{"line":21,"column":6},"end":{"line":21,"column":12}},"11":{"start":{"line":24,"column":6},"end":{"line":26,"column":9}},"12":{"start":{"line":27,"column":6},"end":{"line":27,"column":12}},"13":{"start":{"line":29,"column":6},"end":{"line":31,"column":9}},"14":{"start":{"line":32,"column":6},"end":{"line":32,"column":12}},"15":{"start":{"line":34,"column":6},"end":{"line":34,"column":65}},"16":{"start":{"line":38,"column":0},"end":{"line":38,"column":30}}},"fnMap":{"0":{"name":"(anonymous_0)","decl":{"start":{"line":1,"column":21},"end":{"line":1,"column":22}},"loc":{"start":{"line":1,"column":46},"end":{"line":36,"column":1}},"line":1},"1":{"name":"(anonymous_1)","decl":{"start":{"line":5,"column":27},"end":{"line":5,"column":28}},"loc":{"start":{"line":5,"column":35},"end":{"line":5,"column":45}},"line":5}},"branchMap":{"0":{"loc":{"start":{"line":2,"column":2},"end":{"line":35,"column":3}},"type":"switch","locations":[{"start":{"line":3,"column":4},"end":{"line":3,"column":36}},{"start":{"line":4,"column":4},"end":{"line":8,"column":12}},{"start":{"line":9,"column":4},"end":{"line":9,"column":29}},{"start":{"line":10,"column":4},"end":{"line":10,"column":29}},{"start":{"line":11,"column":4},"end":{"line":11,"column":24}},{"start":{"line":12,"column":4},"end":{"line":16,"column":12}},{"start":{"line":17,"column":4},"end":{"line":21,"column":12}},{"start":{"line":22,"column":4},"end":{"line":22,"column":21}},{"start":{"line":23,"column":4},"end":{"line":27,"column":12}},{"start":{"line":28,"column":4},"end":{"line":32,"column":12}},{"start":{"line":33,"column":4},"end":{"line":34,"column":65}}],"line":2}},"s":{"0":1,"1":18,"2":7,"3":12,"4":7,"5":7,"6":7,"7":3,"8":3,"9":1,"10":1,"11":5,"12":5,"13":1,"14":1,"15":1,"16":1},"f":{"0":18,"1":12},"b":{"0":[7,7,3,3,3,3,1,5,5,1,1]},"_coverageSchema":"1a1c01bbd47fc00a2c39e90264f33305004495a9","hash":"149f8eeebce69be3514bce2914767ab79221d135"}
,"D:\\2 - Hacktiv8\\Phase 3\\WL PR terbaru\\wismaloka\\server\\services\\app\\middlewares\\multer.js": {"path":"D:\\2 - Hacktiv8\\Phase 3\\WL PR terbaru\\wismaloka\\server\\services\\app\\middlewares\\multer.js","statementMap":{"0":{"start":{"line":1,"column":14},"end":{"line":1,"column":30}},"1":{"start":{"line":2,"column":17},"end":{"line":2,"column":37}},"2":{"start":{"line":6,"column":16},"end":{"line":6,"column":30}},"3":{"start":{"line":7,"column":4},"end":{"line":7,"column":52}},"4":{"start":{"line":8,"column":4},"end":{"line":8,"column":43}},"5":{"start":{"line":9,"column":16},"end":{"line":9,"column":55}},"6":{"start":{"line":10,"column":21},"end":{"line":10,"column":56}},"7":{"start":{"line":11,"column":4},"end":{"line":19,"column":7}},"8":{"start":{"line":23,"column":0},"end":{"line":23,"column":30}}},"fnMap":{"0":{"name":"imageKit","decl":{"start":{"line":4,"column":15},"end":{"line":4,"column":23}},"loc":{"start":{"line":4,"column":46},"end":{"line":21,"column":1}},"line":4}},"branchMap":{},"s":{"0":1,"1":1,"2":12,"3":12,"4":12,"5":12,"6":12,"7":12,"8":1},"f":{"0":12},"b":{},"_coverageSchema":"1a1c01bbd47fc00a2c39e90264f33305004495a9","hash":"a2e39bd78f26d90d383332adfe7c7432560f619f"}
,"D:\\2 - Hacktiv8\\Phase 3\\WL PR terbaru\\wismaloka\\server\\services\\app\\middlewares\\uploadImages.js": {"path":"D:\\2 - Hacktiv8\\Phase 3\\WL PR terbaru\\wismaloka\\server\\services\\app\\middlewares\\uploadImages.js","statementMap":{"0":{"start":{"line":1,"column":21},"end":{"line":1,"column":53}},"1":{"start":{"line":4,"column":2},"end":{"line":26,"column":3}},"2":{"start":{"line":5,"column":17},"end":{"line":5,"column":19}},"3":{"start":{"line":7,"column":4},"end":{"line":15,"column":5}},"4":{"start":{"line":7,"column":17},"end":{"line":7,"column":18}},"5":{"start":{"line":8,"column":37},"end":{"line":8,"column":49}},"6":{"start":{"line":9,"column":18},"end":{"line":9,"column":54}},"7":{"start":{"line":10,"column":17},"end":{"line":13,"column":7}},"8":{"start":{"line":14,"column":6},"end":{"line":14,"column":24}},"9":{"start":{"line":16,"column":4},"end":{"line":21,"column":5}},"10":{"start":{"line":17,"column":6},"end":{"line":20,"column":8}},"11":{"start":{"line":22,"column":4},"end":{"line":22,"column":30}},"12":{"start":{"line":23,"column":4},"end":{"line":23,"column":11}},"13":{"start":{"line":25,"column":4},"end":{"line":25,"column":14}},"14":{"start":{"line":29,"column":0},"end":{"line":29,"column":30}}},"fnMap":{"0":{"name":"uploadImages","decl":{"start":{"line":3,"column":15},"end":{"line":3,"column":27}},"loc":{"start":{"line":3,"column":44},"end":{"line":27,"column":1}},"line":3}},"branchMap":{"0":{"loc":{"start":{"line":16,"column":4},"end":{"line":21,"column":5}},"type":"if","locations":[{"start":{"line":16,"column":4},"end":{"line":21,"column":5}},{"start":{},"end":{}}],"line":16}},"s":{"0":1,"1":13,"2":13,"3":13,"4":13,"5":12,"6":12,"7":12,"8":12,"9":13,"10":1,"11":12,"12":12,"13":1,"14":1},"f":{"0":13},"b":{"0":[1,12]},"_coverageSchema":"1a1c01bbd47fc00a2c39e90264f33305004495a9","hash":"6d7c83fdbd7046f9c1b34f0c56258c516419b6b6"}
,"D:\\2 - Hacktiv8\\Phase 3\\WL PR terbaru\\wismaloka\\server\\services\\app\\models\\house.js": {"path":"D:\\2 - Hacktiv8\\Phase 3\\WL PR terbaru\\wismaloka\\server\\services\\app\\models\\house.js","statementMap":{"0":{"start":{"line":2,"column":18},"end":{"line":2,"column":38}},"1":{"start":{"line":3,"column":0},"end":{"line":115,"column":2}},"2":{"start":{"line":11,"column":6},"end":{"line":11,"column":68}},"3":{"start":{"line":12,"column":6},"end":{"line":12,"column":61}},"4":{"start":{"line":15,"column":2},"end":{"line":113,"column":4}},"5":{"start":{"line":114,"column":2},"end":{"line":114,"column":15}}},"fnMap":{"0":{"name":"(anonymous_0)","decl":{"start":{"line":3,"column":17},"end":{"line":3,"column":18}},"loc":{"start":{"line":3,"column":43},"end":{"line":115,"column":1}},"line":3},"1":{"name":"(anonymous_1)","decl":{"start":{"line":10,"column":4},"end":{"line":10,"column":5}},"loc":{"start":{"line":10,"column":29},"end":{"line":13,"column":5}},"line":10}},"branchMap":{},"s":{"0":1,"1":1,"2":1,"3":1,"4":1,"5":1},"f":{"0":1,"1":1},"b":{},"_coverageSchema":"1a1c01bbd47fc00a2c39e90264f33305004495a9","hash":"28e4b9179be5dabd006c0a9ffc96de757a948660"}
,"D:\\2 - Hacktiv8\\Phase 3\\WL PR terbaru\\wismaloka\\server\\services\\app\\models\\image.js": {"path":"D:\\2 - Hacktiv8\\Phase 3\\WL PR terbaru\\wismaloka\\server\\services\\app\\models\\image.js","statementMap":{"0":{"start":{"line":2,"column":18},"end":{"line":2,"column":38}},"1":{"start":{"line":3,"column":0},"end":{"line":38,"column":2}},"2":{"start":{"line":11,"column":6},"end":{"line":11,"column":63}},"3":{"start":{"line":14,"column":2},"end":{"line":36,"column":4}},"4":{"start":{"line":37,"column":2},"end":{"line":37,"column":15}}},"fnMap":{"0":{"name":"(anonymous_0)","decl":{"start":{"line":3,"column":17},"end":{"line":3,"column":18}},"loc":{"start":{"line":3,"column":43},"end":{"line":38,"column":1}},"line":3},"1":{"name":"(anonymous_1)","decl":{"start":{"line":10,"column":4},"end":{"line":10,"column":5}},"loc":{"start":{"line":10,"column":29},"end":{"line":12,"column":5}},"line":10}},"branchMap":{},"s":{"0":1,"1":1,"2":1,"3":1,"4":1},"f":{"0":1,"1":1},"b":{},"_coverageSchema":"1a1c01bbd47fc00a2c39e90264f33305004495a9","hash":"b25c94a808163b1f89ee0f066e64638fea9772b1"}
,"D:\\2 - Hacktiv8\\Phase 3\\WL PR terbaru\\wismaloka\\server\\services\\app\\models\\index.js": {"path":"D:\\2 - Hacktiv8\\Phase 3\\WL PR terbaru\\wismaloka\\server\\services\\app\\models\\index.js","statementMap":{"0":{"start":{"line":3,"column":11},"end":{"line":3,"column":24}},"1":{"start":{"line":4,"column":13},"end":{"line":4,"column":28}},"2":{"start":{"line":5,"column":18},"end":{"line":5,"column":38}},"3":{"start":{"line":6,"column":17},"end":{"line":6,"column":42}},"4":{"start":{"line":7,"column":12},"end":{"line":7,"column":49}},"5":{"start":{"line":8,"column":15},"end":{"line":8,"column":65}},"6":{"start":{"line":9,"column":11},"end":{"line":9,"column":13}},"7":{"start":{"line":12,"column":0},"end":{"line":16,"column":1}},"8":{"start":{"line":13,"column":2},"end":{"line":13,"column":74}},"9":{"start":{"line":15,"column":2},"end":{"line":15,"column":87}},"10":{"start":{"line":18,"column":0},"end":{"line":26,"column":5}},"11":{"start":{"line":21,"column":4},"end":{"line":21,"column":90}},"12":{"start":{"line":24,"column":18},"end":{"line":24,"column":85}},"13":{"start":{"line":25,"column":4},"end":{"line":25,"column":27}},"14":{"start":{"line":28,"column":0},"end":{"line":32,"column":3}},"15":{"start":{"line":29,"column":2},"end":{"line":31,"column":3}},"16":{"start":{"line":30,"column":4},"end":{"line":30,"column":32}},"17":{"start":{"line":34,"column":0},"end":{"line":34,"column":25}},"18":{"start":{"line":35,"column":0},"end":{"line":35,"column":25}},"19":{"start":{"line":37,"column":0},"end":{"line":37,"column":20}}},"fnMap":{"0":{"name":"(anonymous_0)","decl":{"start":{"line":20,"column":10},"end":{"line":20,"column":11}},"loc":{"start":{"line":20,"column":18},"end":{"line":22,"column":3}},"line":20},"1":{"name":"(anonymous_1)","decl":{"start":{"line":23,"column":11},"end":{"line":23,"column":12}},"loc":{"start":{"line":23,"column":19},"end":{"line":26,"column":3}},"line":23},"2":{"name":"(anonymous_2)","decl":{"start":{"line":28,"column":24},"end":{"line":28,"column":25}},"loc":{"start":{"line":28,"column":37},"end":{"line":32,"column":1}},"line":28}},"branchMap":{"0":{"loc":{"start":{"line":7,"column":12},"end":{"line":7,"column":49}},"type":"binary-expr","locations":[{"start":{"line":7,"column":12},"end":{"line":7,"column":32}},{"start":{"line":7,"column":36},"end":{"line":7,"column":49}}],"line":7},"1":{"loc":{"start":{"line":12,"column":0},"end":{"line":16,"column":1}},"type":"if","locations":[{"start":{"line":12,"column":0},"end":{"line":16,"column":1}},{"start":{"line":14,"column":7},"end":{"line":16,"column":1}}],"line":12},"2":{"loc":{"start":{"line":21,"column":11},"end":{"line":21,"column":89}},"type":"binary-expr","locations":[{"start":{"line":21,"column":12},"end":{"line":21,"column":35}},{"start":{"line":21,"column":41},"end":{"line":21,"column":58}},{"start":{"line":21,"column":64},"end":{"line":21,"column":88}}],"line":21},"3":{"loc":{"start":{"line":29,"column":2},"end":{"line":31,"column":3}},"type":"if","locations":[{"start":{"line":29,"column":2},"end":{"line":31,"column":3}},{"start":{},"end":{}}],"line":29}},"s":{"0":1,"1":1,"2":1,"3":1,"4":1,"5":1,"6":1,"7":1,"8":0,"9":1,"10":1,"11":4,"12":3,"13":3,"14":1,"15":3,"16":3,"17":1,"18":1,"19":1},"f":{"0":4,"1":3,"2":3},"b":{"0":[1,0],"1":[0,1],"2":[4,4,3],"3":[3,0]},"_coverageSchema":"1a1c01bbd47fc00a2c39e90264f33305004495a9","hash":"b4a9fcd61b774d4338e2534d5c82198f6e51ff04"}
,"D:\\2 - Hacktiv8\\Phase 3\\WL PR terbaru\\wismaloka\\server\\services\\app\\models\\spesification.js": {"path":"D:\\2 - Hacktiv8\\Phase 3\\WL PR terbaru\\wismaloka\\server\\services\\app\\models\\spesification.js","statementMap":{"0":{"start":{"line":2,"column":18},"end":{"line":2,"column":38}},"1":{"start":{"line":3,"column":0},"end":{"line":88,"column":2}},"2":{"start":{"line":11,"column":6},"end":{"line":11,"column":71}},"3":{"start":{"line":14,"column":2},"end":{"line":86,"column":4}},"4":{"start":{"line":87,"column":2},"end":{"line":87,"column":23}}},"fnMap":{"0":{"name":"(anonymous_0)","decl":{"start":{"line":3,"column":17},"end":{"line":3,"column":18}},"loc":{"start":{"line":3,"column":43},"end":{"line":88,"column":1}},"line":3},"1":{"name":"(anonymous_1)","decl":{"start":{"line":10,"column":4},"end":{"line":10,"column":5}},"loc":{"start":{"line":10,"column":29},"end":{"line":12,"column":5}},"line":10}},"branchMap":{},"s":{"0":1,"1":1,"2":1,"3":1,"4":1},"f":{"0":1,"1":1},"b":{},"_coverageSchema":"1a1c01bbd47fc00a2c39e90264f33305004495a9","hash":"6f5cfc9eaa45b2d20340ef93589a0d299d91a91f"}
,"D:\\2 - Hacktiv8\\Phase 3\\WL PR terbaru\\wismaloka\\server\\services\\app\\routes\\houseRoutes.js": {"path":"D:\\2 - Hacktiv8\\Phase 3\\WL PR terbaru\\wismaloka\\server\\services\\app\\routes\\houseRoutes.js","statementMap":{"0":{"start":{"line":1,"column":20},"end":{"line":1,"column":47}},"1":{"start":{"line":2,"column":24},"end":{"line":2,"column":65}},"2":{"start":{"line":3,"column":15},"end":{"line":3,"column":32}},"3":{"start":{"line":4,"column":15},"end":{"line":4,"column":23}},"4":{"start":{"line":5,"column":21},"end":{"line":5,"column":59}},"5":{"start":{"line":6,"column":23},"end":{"line":6,"column":64}},"6":{"start":{"line":7,"column":22},"end":{"line":7,"column":57}},"7":{"start":{"line":9,"column":0},"end":{"line":9,"column":51}},"8":{"start":{"line":10,"column":0},"end":{"line":16,"column":2}},"9":{"start":{"line":17,"column":0},"end":{"line":17,"column":54}},"10":{"start":{"line":18,"column":0},"end":{"line":25,"column":2}},"11":{"start":{"line":26,"column":0},"end":{"line":31,"column":2}},"12":{"start":{"line":33,"column":0},"end":{"line":33,"column":29}}},"fnMap":{},"branchMap":{},"s":{"0":1,"1":1,"2":1,"3":1,"4":1,"5":1,"6":1,"7":1,"8":1,"9":1,"10":1,"11":1,"12":1},"f":{},"b":{},"_coverageSchema":"1a1c01bbd47fc00a2c39e90264f33305004495a9","hash":"707468b793ebde5c84aa29b55e5eb337a5fb1e62"}
,"D:\\2 - Hacktiv8\\Phase 3\\WL PR terbaru\\wismaloka\\server\\services\\app\\routes\\index.js": {"path":"D:\\2 - Hacktiv8\\Phase 3\\WL PR terbaru\\wismaloka\\server\\services\\app\\routes\\index.js","statementMap":{"0":{"start":{"line":1,"column":15},"end":{"line":1,"column":42}},"1":{"start":{"line":2,"column":20},"end":{"line":2,"column":44}},"2":{"start":{"line":3,"column":19},"end":{"line":3,"column":42}},"3":{"start":{"line":5,"column":0},"end":{"line":5,"column":35}},"4":{"start":{"line":6,"column":0},"end":{"line":6,"column":33}},"5":{"start":{"line":8,"column":0},"end":{"line":8,"column":24}}},"fnMap":{},"branchMap":{},"s":{"0":1,"1":1,"2":1,"3":1,"4":1,"5":1},"f":{},"b":{},"_coverageSchema":"1a1c01bbd47fc00a2c39e90264f33305004495a9","hash":"14f77e9ca9c253fa0db29ceeb1e62e87b7cd6318"}
,"D:\\2 - Hacktiv8\\Phase 3\\WL PR terbaru\\wismaloka\\server\\services\\app\\routes\\specRoutes.js": {"path":"D:\\2 - Hacktiv8\\Phase 3\\WL PR terbaru\\wismaloka\\server\\services\\app\\routes\\specRoutes.js","statementMap":{"0":{"start":{"line":1,"column":27},"end":{"line":1,"column":54}},"1":{"start":{"line":2,"column":23},"end":{"line":2,"column":63}},"2":{"start":{"line":4,"column":0},"end":{"line":4,"column":56}},"3":{"start":{"line":6,"column":0},"end":{"line":6,"column":36}}},"fnMap":{},"branchMap":{},"s":{"0":1,"1":1,"2":1,"3":1},"f":{},"b":{},"_coverageSchema":"1a1c01bbd47fc00a2c39e90264f33305004495a9","hash":"091fc91e164c3c8eaa1dbf3bdf07a381b279c3b6"}
}
