{"D:\\2 - Hacktiv8\\Phase 3\\wismaloka\\wismaloka\\server\\services\\app\\app.js": {"path":"D:\\2 - Hacktiv8\\Phase 3\\wismaloka\\wismaloka\\server\\services\\app\\app.js","statementMap":{"0":{"start":{"line":1,"column":0},"end":{"line":3,"column":1}},"1":{"start":{"line":2,"column":2},"end":{"line":2,"column":29}},"2":{"start":{"line":4,"column":16},"end":{"line":4,"column":34}},"3":{"start":{"line":5,"column":15},"end":{"line":5,"column":34}},"4":{"start":{"line":6,"column":21},"end":{"line":6,"column":58}},"5":{"start":{"line":7,"column":13},"end":{"line":7,"column":28}},"6":{"start":{"line":8,"column":12},"end":{"line":8,"column":21}},"7":{"start":{"line":10,"column":0},"end":{"line":10,"column":16}},"8":{"start":{"line":11,"column":0},"end":{"line":11,"column":24}},"9":{"start":{"line":12,"column":0},"end":{"line":12,"column":48}},"10":{"start":{"line":13,"column":0},"end":{"line":13,"column":16}},"11":{"start":{"line":15,"column":0},"end":{"line":15,"column":22}},"12":{"start":{"line":19,"column":0},"end":{"line":19,"column":21}}},"fnMap":{},"branchMap":{"0":{"loc":{"start":{"line":1,"column":0},"end":{"line":3,"column":1}},"type":"if","locations":[{"start":{"line":1,"column":0},"end":{"line":3,"column":1}},{"start":{},"end":{}}],"line":1}},"s":{"0":1,"1":1,"2":1,"3":1,"4":1,"5":1,"6":1,"7":1,"8":1,"9":1,"10":1,"11":1,"12":1},"f":{},"b":{"0":[1,0]},"_coverageSchema":"1a1c01bbd47fc00a2c39e90264f33305004495a9","hash":"dc7676ebf0461d16e2c6996ecc414b5372aca3ac"}
,"D:\\2 - Hacktiv8\\Phase 3\\wismaloka\\wismaloka\\server\\services\\app\\controllers\\houseController.js": {"path":"D:\\2 - Hacktiv8\\Phase 3\\wismaloka\\wismaloka\\server\\services\\app\\controllers\\houseController.js","statementMap":{"0":{"start":{"line":1,"column":51},"end":{"line":1,"column":77}},"1":{"start":{"line":4,"column":4},"end":{"line":27,"column":5}},"2":{"start":{"line":5,"column":25},"end":{"line":5,"column":34}},"3":{"start":{"line":7,"column":6},"end":{"line":16,"column":7}},"4":{"start":{"line":8,"column":8},"end":{"line":11,"column":10}},"5":{"start":{"line":13,"column":8},"end":{"line":15,"column":10}},"6":{"start":{"line":17,"column":21},"end":{"line":17,"column":49}},"7":{"start":{"line":18,"column":6},"end":{"line":23,"column":7}},"8":{"start":{"line":19,"column":8},"end":{"line":22,"column":10}},"9":{"start":{"line":24,"column":6},"end":{"line":24,"column":35}},"10":{"start":{"line":26,"column":6},"end":{"line":26,"column":16}},"11":{"start":{"line":30,"column":4},"end":{"line":44,"column":5}},"12":{"start":{"line":31,"column":20},"end":{"line":34,"column":8}},"13":{"start":{"line":35,"column":6},"end":{"line":40,"column":7}},"14":{"start":{"line":36,"column":8},"end":{"line":39,"column":10}},"15":{"start":{"line":41,"column":6},"end":{"line":41,"column":34}},"16":{"start":{"line":43,"column":6},"end":{"line":43,"column":16}},"17":{"start":{"line":47,"column":14},"end":{"line":47,"column":43}},"18":{"start":{"line":48,"column":19},"end":{"line":48,"column":30}},"19":{"start":{"line":63,"column":8},"end":{"line":63,"column":16}},"20":{"start":{"line":65,"column":4},"end":{"line":65,"column":35}},"21":{"start":{"line":67,"column":4},"end":{"line":107,"column":5}},"22":{"start":{"line":68,"column":20},"end":{"line":80,"column":7}},"23":{"start":{"line":82,"column":19},"end":{"line":82,"column":35}},"24":{"start":{"line":83,"column":6},"end":{"line":83,"column":37}},"25":{"start":{"line":86,"column":22},"end":{"line":86,"column":30}},"26":{"start":{"line":87,"column":6},"end":{"line":87,"column":50}},"27":{"start":{"line":87,"column":26},"end":{"line":87,"column":47}},"28":{"start":{"line":88,"column":6},"end":{"line":99,"column":8}},"29":{"start":{"line":100,"column":6},"end":{"line":100,"column":57}},"30":{"start":{"line":101,"column":6},"end":{"line":101,"column":23}},"31":{"start":{"line":102,"column":6},"end":{"line":102,"column":34}},"32":{"start":{"line":104,"column":6},"end":{"line":104,"column":23}},"33":{"start":{"line":105,"column":6},"end":{"line":105,"column":25}},"34":{"start":{"line":106,"column":6},"end":{"line":106,"column":16}},"35":{"start":{"line":110,"column":14},"end":{"line":110,"column":43}},"36":{"start":{"line":125,"column":8},"end":{"line":125,"column":16}},"37":{"start":{"line":126,"column":4},"end":{"line":185,"column":5}},"38":{"start":{"line":127,"column":26},"end":{"line":138,"column":7}},"39":{"start":{"line":139,"column":24},"end":{"line":143,"column":8}},"40":{"start":{"line":145,"column":6},"end":{"line":150,"column":7}},"41":{"start":{"line":146,"column":8},"end":{"line":149,"column":10}},"42":{"start":{"line":151,"column":19},"end":{"line":151,"column":35}},"43":{"start":{"line":153,"column":22},"end":{"line":153,"column":34}},"44":{"start":{"line":154,"column":6},"end":{"line":154,"column":54}},"45":{"start":{"line":154,"column":26},"end":{"line":154,"column":51}},"46":{"start":{"line":155,"column":6},"end":{"line":158,"column":9}},"47":{"start":{"line":159,"column":6},"end":{"line":162,"column":9}},"48":{"start":{"line":163,"column":6},"end":{"line":174,"column":8}},"49":{"start":{"line":175,"column":6},"end":{"line":175,"column":57}},"50":{"start":{"line":176,"column":6},"end":{"line":176,"column":23}},"51":{"start":{"line":178,"column":6},"end":{"line":181,"column":9}},"52":{"start":{"line":183,"column":6},"end":{"line":183,"column":25}},"53":{"start":{"line":184,"column":6},"end":{"line":184,"column":16}},"54":{"start":{"line":188,"column":19},"end":{"line":188,"column":29}},"55":{"start":{"line":189,"column":4},"end":{"line":201,"column":5}},"56":{"start":{"line":190,"column":20},"end":{"line":190,"column":44}},"57":{"start":{"line":191,"column":6},"end":{"line":196,"column":7}},"58":{"start":{"line":192,"column":8},"end":{"line":195,"column":10}},"59":{"start":{"line":197,"column":6},"end":{"line":197,"column":45}},"60":{"start":{"line":198,"column":6},"end":{"line":198,"column":57}},"61":{"start":{"line":200,"column":6},"end":{"line":200,"column":16}},"62":{"start":{"line":204,"column":4},"end":{"line":259,"column":5}},"63":{"start":{"line":205,"column":67},"end":{"line":205,"column":75}},"64":{"start":{"line":207,"column":24},"end":{"line":215,"column":8}},"65":{"start":{"line":219,"column":20},"end":{"line":219,"column":39}},"66":{"start":{"line":220,"column":21},"end":{"line":227,"column":7}},"67":{"start":{"line":228,"column":18},"end":{"line":228,"column":43}},"68":{"start":{"line":230,"column":24},"end":{"line":239,"column":8}},"69":{"start":{"line":231,"column":8},"end":{"line":238,"column":10}},"70":{"start":{"line":241,"column":6},"end":{"line":244,"column":9}},"71":{"start":{"line":243,"column":25},"end":{"line":243,"column":44}},"72":{"start":{"line":247,"column":19},"end":{"line":247,"column":74}},"73":{"start":{"line":249,"column":6},"end":{"line":254,"column":7}},"74":{"start":{"line":250,"column":23},"end":{"line":250,"column":40}},"75":{"start":{"line":251,"column":20},"end":{"line":251,"column":36}},"76":{"start":{"line":252,"column":8},"end":{"line":252,"column":18}},"77":{"start":{"line":253,"column":8},"end":{"line":253,"column":30}},"78":{"start":{"line":256,"column":6},"end":{"line":256,"column":45}},"79":{"start":{"line":258,"column":6},"end":{"line":258,"column":16}},"80":{"start":{"line":262,"column":0},"end":{"line":262,"column":33}}},"fnMap":{"0":{"name":"(anonymous_0)","decl":{"start":{"line":3,"column":2},"end":{"line":3,"column":3}},"loc":{"start":{"line":3,"column":44},"end":{"line":28,"column":3}},"line":3},"1":{"name":"(anonymous_1)","decl":{"start":{"line":29,"column":2},"end":{"line":29,"column":3}},"loc":{"start":{"line":29,"column":44},"end":{"line":45,"column":3}},"line":29},"2":{"name":"(anonymous_2)","decl":{"start":{"line":46,"column":2},"end":{"line":46,"column":3}},"loc":{"start":{"line":46,"column":43},"end":{"line":108,"column":3}},"line":46},"3":{"name":"(anonymous_3)","decl":{"start":{"line":87,"column":17},"end":{"line":87,"column":18}},"loc":{"start":{"line":87,"column":26},"end":{"line":87,"column":47}},"line":87},"4":{"name":"(anonymous_4)","decl":{"start":{"line":109,"column":2},"end":{"line":109,"column":3}},"loc":{"start":{"line":109,"column":43},"end":{"line":186,"column":3}},"line":109},"5":{"name":"(anonymous_5)","decl":{"start":{"line":154,"column":17},"end":{"line":154,"column":18}},"loc":{"start":{"line":154,"column":26},"end":{"line":154,"column":51}},"line":154},"6":{"name":"(anonymous_6)","decl":{"start":{"line":187,"column":2},"end":{"line":187,"column":3}},"loc":{"start":{"line":187,"column":43},"end":{"line":202,"column":3}},"line":187},"7":{"name":"(anonymous_7)","decl":{"start":{"line":203,"column":2},"end":{"line":203,"column":3}},"loc":{"start":{"line":203,"column":50},"end":{"line":260,"column":3}},"line":203},"8":{"name":"(anonymous_8)","decl":{"start":{"line":230,"column":38},"end":{"line":230,"column":39}},"loc":{"start":{"line":230,"column":45},"end":{"line":239,"column":7}},"line":230},"9":{"name":"(anonymous_9)","decl":{"start":{"line":243,"column":13},"end":{"line":243,"column":14}},"loc":{"start":{"line":243,"column":25},"end":{"line":243,"column":44}},"line":243}},"branchMap":{"0":{"loc":{"start":{"line":7,"column":6},"end":{"line":16,"column":7}},"type":"if","locations":[{"start":{"line":7,"column":6},"end":{"line":16,"column":7}},{"start":{"line":12,"column":13},"end":{"line":16,"column":7}}],"line":7},"1":{"loc":{"start":{"line":18,"column":6},"end":{"line":23,"column":7}},"type":"if","locations":[{"start":{"line":18,"column":6},"end":{"line":23,"column":7}},{"start":{},"end":{}}],"line":18},"2":{"loc":{"start":{"line":35,"column":6},"end":{"line":40,"column":7}},"type":"if","locations":[{"start":{"line":35,"column":6},"end":{"line":40,"column":7}},{"start":{},"end":{}}],"line":35},"3":{"loc":{"start":{"line":145,"column":6},"end":{"line":150,"column":7}},"type":"if","locations":[{"start":{"line":145,"column":6},"end":{"line":150,"column":7}},{"start":{},"end":{}}],"line":145},"4":{"loc":{"start":{"line":191,"column":6},"end":{"line":196,"column":7}},"type":"if","locations":[{"start":{"line":191,"column":6},"end":{"line":196,"column":7}},{"start":{},"end":{}}],"line":191},"5":{"loc":{"start":{"line":249,"column":6},"end":{"line":254,"column":7}},"type":"if","locations":[{"start":{"line":249,"column":6},"end":{"line":254,"column":7}},{"start":{},"end":{}}],"line":249}},"s":{"0":1,"1":0,"2":0,"3":0,"4":0,"5":0,"6":0,"7":0,"8":0,"9":0,"10":0,"11":0,"12":0,"13":0,"14":0,"15":0,"16":0,"17":0,"18":0,"19":0,"20":0,"21":0,"22":0,"23":0,"24":0,"25":0,"26":0,"27":0,"28":0,"29":0,"30":0,"31":0,"32":0,"33":0,"34":0,"35":0,"36":0,"37":0,"38":0,"39":0,"40":0,"41":0,"42":0,"43":0,"44":0,"45":0,"46":0,"47":0,"48":0,"49":0,"50":0,"51":0,"52":0,"53":0,"54":0,"55":0,"56":0,"57":0,"58":0,"59":0,"60":0,"61":0,"62":0,"63":0,"64":0,"65":0,"66":0,"67":0,"68":0,"69":0,"70":0,"71":0,"72":0,"73":0,"74":0,"75":0,"76":0,"77":0,"78":0,"79":0,"80":1},"f":{"0":0,"1":0,"2":0,"3":0,"4":0,"5":0,"6":0,"7":0,"8":0,"9":0},"b":{"0":[0,0],"1":[0,0],"2":[0,0],"3":[0,0],"4":[0,0],"5":[0,0]},"_coverageSchema":"1a1c01bbd47fc00a2c39e90264f33305004495a9","hash":"133f992af2bf0c81ceb9f3f02eae43a479d2b93c"}
,"D:\\2 - Hacktiv8\\Phase 3\\wismaloka\\wismaloka\\server\\services\\app\\controllers\\specController.js": {"path":"D:\\2 - Hacktiv8\\Phase 3\\wismaloka\\wismaloka\\server\\services\\app\\controllers\\specController.js","statementMap":{"0":{"start":{"line":1,"column":26},"end":{"line":1,"column":52}},"1":{"start":{"line":5,"column":4},"end":{"line":17,"column":5}},"2":{"start":{"line":6,"column":20},"end":{"line":6,"column":49}},"3":{"start":{"line":7,"column":6},"end":{"line":12,"column":7}},"4":{"start":{"line":8,"column":8},"end":{"line":11,"column":10}},"5":{"start":{"line":13,"column":6},"end":{"line":13,"column":34}},"6":{"start":{"line":16,"column":6},"end":{"line":16,"column":16}},"7":{"start":{"line":20,"column":0},"end":{"line":20,"column":32}}},"fnMap":{"0":{"name":"(anonymous_0)","decl":{"start":{"line":4,"column":2},"end":{"line":4,"column":3}},"loc":{"start":{"line":4,"column":43},"end":{"line":18,"column":3}},"line":4}},"branchMap":{"0":{"loc":{"start":{"line":7,"column":6},"end":{"line":12,"column":7}},"type":"if","locations":[{"start":{"line":7,"column":6},"end":{"line":12,"column":7}},{"start":{},"end":{}}],"line":7}},"s":{"0":1,"1":0,"2":0,"3":0,"4":0,"5":0,"6":0,"7":1},"f":{"0":0},"b":{"0":[0,0]},"_coverageSchema":"1a1c01bbd47fc00a2c39e90264f33305004495a9","hash":"d39fce083bda43298b82e171ab5052e44405bb81"}
,"D:\\2 - Hacktiv8\\Phase 3\\wismaloka\\wismaloka\\server\\services\\app\\middlewares\\authorize.js": {"path":"D:\\2 - Hacktiv8\\Phase 3\\wismaloka\\wismaloka\\server\\services\\app\\middlewares\\authorize.js","statementMap":{"0":{"start":{"line":1,"column":18},"end":{"line":1,"column":44}},"1":{"start":{"line":3,"column":22},"end":{"line":22,"column":1}},"2":{"start":{"line":4,"column":2},"end":{"line":21,"column":3}},"3":{"start":{"line":5,"column":19},"end":{"line":5,"column":29}},"4":{"start":{"line":6,"column":21},"end":{"line":6,"column":45}},"5":{"start":{"line":8,"column":6},"end":{"line":17,"column":5}},"6":{"start":{"line":9,"column":8},"end":{"line":9,"column":15}},"7":{"start":{"line":11,"column":8},"end":{"line":15,"column":9}},"8":{"start":{"line":12,"column":10},"end":{"line":12,"column":17}},"9":{"start":{"line":14,"column":10},"end":{"line":14,"column":37}},"10":{"start":{"line":20,"column":4},"end":{"line":20,"column":16}},"11":{"start":{"line":24,"column":0},"end":{"line":24,"column":31}}},"fnMap":{"0":{"name":"(anonymous_0)","decl":{"start":{"line":3,"column":22},"end":{"line":3,"column":23}},"loc":{"start":{"line":3,"column":48},"end":{"line":22,"column":1}},"line":3}},"branchMap":{"0":{"loc":{"start":{"line":8,"column":6},"end":{"line":17,"column":5}},"type":"if","locations":[{"start":{"line":8,"column":6},"end":{"line":17,"column":5}},{"start":{"line":10,"column":13},"end":{"line":17,"column":5}}],"line":8},"1":{"loc":{"start":{"line":11,"column":8},"end":{"line":15,"column":9}},"type":"if","locations":[{"start":{"line":11,"column":8},"end":{"line":15,"column":9}},{"start":{"line":13,"column":15},"end":{"line":15,"column":9}}],"line":11}},"s":{"0":1,"1":1,"2":0,"3":0,"4":0,"5":0,"6":0,"7":0,"8":0,"9":0,"10":0,"11":1},"f":{"0":0},"b":{"0":[0,0],"1":[0,0]},"_coverageSchema":"1a1c01bbd47fc00a2c39e90264f33305004495a9","hash":"03180b5a3610b490ec4dfb831be106cd73c92cc6"}
,"D:\\2 - Hacktiv8\\Phase 3\\wismaloka\\wismaloka\\server\\services\\app\\middlewares\\errorHandler.js": {"path":"D:\\2 - Hacktiv8\\Phase 3\\wismaloka\\wismaloka\\server\\services\\app\\middlewares\\errorHandler.js","statementMap":{"0":{"start":{"line":1,"column":21},"end":{"line":37,"column":1}},"1":{"start":{"line":2,"column":2},"end":{"line":2,"column":19}},"2":{"start":{"line":3,"column":2},"end":{"line":36,"column":3}},"3":{"start":{"line":6,"column":6},"end":{"line":6,"column":47}},"4":{"start":{"line":6,"column":35},"end":{"line":6,"column":45}},"5":{"start":{"line":7,"column":22},"end":{"line":7,"column":36}},"6":{"start":{"line":8,"column":6},"end":{"line":8,"column":40}},"7":{"start":{"line":9,"column":6},"end":{"line":9,"column":12}},"8":{"start":{"line":14,"column":6},"end":{"line":16,"column":9}},"9":{"start":{"line":17,"column":6},"end":{"line":17,"column":12}},"10":{"start":{"line":19,"column":6},"end":{"line":21,"column":9}},"11":{"start":{"line":22,"column":6},"end":{"line":22,"column":12}},"12":{"start":{"line":25,"column":6},"end":{"line":27,"column":9}},"13":{"start":{"line":28,"column":6},"end":{"line":28,"column":12}},"14":{"start":{"line":30,"column":8},"end":{"line":32,"column":11}},"15":{"start":{"line":33,"column":8},"end":{"line":33,"column":14}},"16":{"start":{"line":35,"column":6},"end":{"line":35,"column":65}},"17":{"start":{"line":39,"column":0},"end":{"line":39,"column":30}}},"fnMap":{"0":{"name":"(anonymous_0)","decl":{"start":{"line":1,"column":21},"end":{"line":1,"column":22}},"loc":{"start":{"line":1,"column":46},"end":{"line":37,"column":1}},"line":1},"1":{"name":"(anonymous_1)","decl":{"start":{"line":6,"column":27},"end":{"line":6,"column":28}},"loc":{"start":{"line":6,"column":35},"end":{"line":6,"column":45}},"line":6}},"branchMap":{"0":{"loc":{"start":{"line":3,"column":2},"end":{"line":36,"column":3}},"type":"switch","locations":[{"start":{"line":4,"column":4},"end":{"line":4,"column":36}},{"start":{"line":5,"column":4},"end":{"line":9,"column":12}},{"start":{"line":10,"column":4},"end":{"line":10,"column":29}},{"start":{"line":11,"column":4},"end":{"line":11,"column":29}},{"start":{"line":12,"column":4},"end":{"line":12,"column":24}},{"start":{"line":13,"column":4},"end":{"line":17,"column":12}},{"start":{"line":18,"column":4},"end":{"line":22,"column":12}},{"start":{"line":23,"column":4},"end":{"line":23,"column":21}},{"start":{"line":24,"column":4},"end":{"line":28,"column":12}},{"start":{"line":29,"column":6},"end":{"line":33,"column":14}},{"start":{"line":34,"column":4},"end":{"line":35,"column":65}}],"line":3}},"s":{"0":1,"1":0,"2":0,"3":0,"4":0,"5":0,"6":0,"7":0,"8":0,"9":0,"10":0,"11":0,"12":0,"13":0,"14":0,"15":0,"16":0,"17":1},"f":{"0":0,"1":0},"b":{"0":[0,0,0,0,0,0,0,0,0,0,0]},"_coverageSchema":"1a1c01bbd47fc00a2c39e90264f33305004495a9","hash":"a76a5ef5d7ac7831bb334bfd31661fcb29dee964"}
,"D:\\2 - Hacktiv8\\Phase 3\\wismaloka\\wismaloka\\server\\services\\app\\middlewares\\multer.js": {"path":"D:\\2 - Hacktiv8\\Phase 3\\wismaloka\\wismaloka\\server\\services\\app\\middlewares\\multer.js","statementMap":{"0":{"start":{"line":1,"column":14},"end":{"line":1,"column":30}},"1":{"start":{"line":2,"column":17},"end":{"line":2,"column":37}},"2":{"start":{"line":6,"column":16},"end":{"line":6,"column":30}},"3":{"start":{"line":7,"column":4},"end":{"line":7,"column":52}},"4":{"start":{"line":8,"column":4},"end":{"line":8,"column":43}},"5":{"start":{"line":9,"column":16},"end":{"line":9,"column":55}},"6":{"start":{"line":10,"column":21},"end":{"line":10,"column":56}},"7":{"start":{"line":11,"column":4},"end":{"line":19,"column":7}},"8":{"start":{"line":23,"column":0},"end":{"line":23,"column":30}}},"fnMap":{"0":{"name":"imageKit","decl":{"start":{"line":4,"column":15},"end":{"line":4,"column":23}},"loc":{"start":{"line":4,"column":46},"end":{"line":21,"column":1}},"line":4}},"branchMap":{},"s":{"0":1,"1":1,"2":0,"3":0,"4":0,"5":0,"6":0,"7":0,"8":1},"f":{"0":0},"b":{},"_coverageSchema":"1a1c01bbd47fc00a2c39e90264f33305004495a9","hash":"b837455c8de6993fe1a4ca28b460c75873b3bdd3"}
,"D:\\2 - Hacktiv8\\Phase 3\\wismaloka\\wismaloka\\server\\services\\app\\middlewares\\uploadImages.js": {"path":"D:\\2 - Hacktiv8\\Phase 3\\wismaloka\\wismaloka\\server\\services\\app\\middlewares\\uploadImages.js","statementMap":{"0":{"start":{"line":1,"column":21},"end":{"line":1,"column":53}},"1":{"start":{"line":5,"column":2},"end":{"line":31,"column":3}},"2":{"start":{"line":7,"column":17},"end":{"line":7,"column":19}},"3":{"start":{"line":9,"column":4},"end":{"line":17,"column":5}},"4":{"start":{"line":9,"column":17},"end":{"line":9,"column":18}},"5":{"start":{"line":10,"column":37},"end":{"line":10,"column":49}},"6":{"start":{"line":11,"column":18},"end":{"line":11,"column":54}},"7":{"start":{"line":12,"column":17},"end":{"line":15,"column":7}},"8":{"start":{"line":16,"column":6},"end":{"line":16,"column":24}},"9":{"start":{"line":18,"column":4},"end":{"line":25,"column":5}},"10":{"start":{"line":20,"column":6},"end":{"line":20,"column":27}},"11":{"start":{"line":21,"column":6},"end":{"line":24,"column":7}},"12":{"start":{"line":26,"column":4},"end":{"line":26,"column":30}},"13":{"start":{"line":27,"column":4},"end":{"line":27,"column":11}},"14":{"start":{"line":29,"column":4},"end":{"line":29,"column":21}},"15":{"start":{"line":30,"column":4},"end":{"line":30,"column":14}},"16":{"start":{"line":34,"column":0},"end":{"line":34,"column":30}}},"fnMap":{"0":{"name":"uploadImages","decl":{"start":{"line":3,"column":15},"end":{"line":3,"column":27}},"loc":{"start":{"line":3,"column":44},"end":{"line":32,"column":1}},"line":3}},"branchMap":{"0":{"loc":{"start":{"line":18,"column":4},"end":{"line":25,"column":5}},"type":"if","locations":[{"start":{"line":18,"column":4},"end":{"line":25,"column":5}},{"start":{},"end":{}}],"line":18}},"s":{"0":1,"1":0,"2":0,"3":0,"4":0,"5":0,"6":0,"7":0,"8":0,"9":0,"10":0,"11":0,"12":0,"13":0,"14":0,"15":0,"16":1},"f":{"0":0},"b":{"0":[0,0]},"_coverageSchema":"1a1c01bbd47fc00a2c39e90264f33305004495a9","hash":"f4a130bd13ab14955ca7d6ad2beccad791d7f6c8"}
,"D:\\2 - Hacktiv8\\Phase 3\\wismaloka\\wismaloka\\server\\services\\app\\models\\house.js": {"path":"D:\\2 - Hacktiv8\\Phase 3\\wismaloka\\wismaloka\\server\\services\\app\\models\\house.js","statementMap":{"0":{"start":{"line":2,"column":18},"end":{"line":2,"column":38}},"1":{"start":{"line":3,"column":0},"end":{"line":115,"column":2}},"2":{"start":{"line":11,"column":6},"end":{"line":11,"column":68}},"3":{"start":{"line":12,"column":6},"end":{"line":12,"column":61}},"4":{"start":{"line":15,"column":2},"end":{"line":113,"column":4}},"5":{"start":{"line":114,"column":2},"end":{"line":114,"column":15}}},"fnMap":{"0":{"name":"(anonymous_0)","decl":{"start":{"line":3,"column":17},"end":{"line":3,"column":18}},"loc":{"start":{"line":3,"column":43},"end":{"line":115,"column":1}},"line":3},"1":{"name":"(anonymous_1)","decl":{"start":{"line":10,"column":4},"end":{"line":10,"column":5}},"loc":{"start":{"line":10,"column":29},"end":{"line":13,"column":5}},"line":10}},"branchMap":{},"s":{"0":1,"1":1,"2":1,"3":1,"4":1,"5":1},"f":{"0":1,"1":1},"b":{},"_coverageSchema":"1a1c01bbd47fc00a2c39e90264f33305004495a9","hash":"9e7f0eebee2ccaa2510d01fc53a521c1f01adbed"}
,"D:\\2 - Hacktiv8\\Phase 3\\wismaloka\\wismaloka\\server\\services\\app\\models\\image.js": {"path":"D:\\2 - Hacktiv8\\Phase 3\\wismaloka\\wismaloka\\server\\services\\app\\models\\image.js","statementMap":{"0":{"start":{"line":2,"column":18},"end":{"line":2,"column":38}},"1":{"start":{"line":3,"column":0},"end":{"line":38,"column":2}},"2":{"start":{"line":11,"column":6},"end":{"line":11,"column":63}},"3":{"start":{"line":14,"column":2},"end":{"line":36,"column":4}},"4":{"start":{"line":37,"column":2},"end":{"line":37,"column":15}}},"fnMap":{"0":{"name":"(anonymous_0)","decl":{"start":{"line":3,"column":17},"end":{"line":3,"column":18}},"loc":{"start":{"line":3,"column":43},"end":{"line":38,"column":1}},"line":3},"1":{"name":"(anonymous_1)","decl":{"start":{"line":10,"column":4},"end":{"line":10,"column":5}},"loc":{"start":{"line":10,"column":29},"end":{"line":12,"column":5}},"line":10}},"branchMap":{},"s":{"0":1,"1":1,"2":1,"3":1,"4":1},"f":{"0":1,"1":1},"b":{},"_coverageSchema":"1a1c01bbd47fc00a2c39e90264f33305004495a9","hash":"49bbbf6ec5ce250e84affef89add05756562790a"}
,"D:\\2 - Hacktiv8\\Phase 3\\wismaloka\\wismaloka\\server\\services\\app\\models\\index.js": {"path":"D:\\2 - Hacktiv8\\Phase 3\\wismaloka\\wismaloka\\server\\services\\app\\models\\index.js","statementMap":{"0":{"start":{"line":3,"column":11},"end":{"line":3,"column":24}},"1":{"start":{"line":4,"column":13},"end":{"line":4,"column":28}},"2":{"start":{"line":5,"column":18},"end":{"line":5,"column":38}},"3":{"start":{"line":6,"column":17},"end":{"line":6,"column":42}},"4":{"start":{"line":7,"column":12},"end":{"line":7,"column":49}},"5":{"start":{"line":8,"column":15},"end":{"line":8,"column":65}},"6":{"start":{"line":9,"column":11},"end":{"line":9,"column":13}},"7":{"start":{"line":12,"column":0},"end":{"line":16,"column":1}},"8":{"start":{"line":13,"column":2},"end":{"line":13,"column":74}},"9":{"start":{"line":15,"column":2},"end":{"line":15,"column":87}},"10":{"start":{"line":18,"column":0},"end":{"line":26,"column":5}},"11":{"start":{"line":21,"column":4},"end":{"line":21,"column":90}},"12":{"start":{"line":24,"column":18},"end":{"line":24,"column":85}},"13":{"start":{"line":25,"column":4},"end":{"line":25,"column":27}},"14":{"start":{"line":28,"column":0},"end":{"line":32,"column":3}},"15":{"start":{"line":29,"column":2},"end":{"line":31,"column":3}},"16":{"start":{"line":30,"column":4},"end":{"line":30,"column":32}},"17":{"start":{"line":34,"column":0},"end":{"line":34,"column":25}},"18":{"start":{"line":35,"column":0},"end":{"line":35,"column":25}},"19":{"start":{"line":37,"column":0},"end":{"line":37,"column":20}}},"fnMap":{"0":{"name":"(anonymous_0)","decl":{"start":{"line":20,"column":10},"end":{"line":20,"column":11}},"loc":{"start":{"line":20,"column":18},"end":{"line":22,"column":3}},"line":20},"1":{"name":"(anonymous_1)","decl":{"start":{"line":23,"column":11},"end":{"line":23,"column":12}},"loc":{"start":{"line":23,"column":19},"end":{"line":26,"column":3}},"line":23},"2":{"name":"(anonymous_2)","decl":{"start":{"line":28,"column":24},"end":{"line":28,"column":25}},"loc":{"start":{"line":28,"column":37},"end":{"line":32,"column":1}},"line":28}},"branchMap":{"0":{"loc":{"start":{"line":7,"column":12},"end":{"line":7,"column":49}},"type":"binary-expr","locations":[{"start":{"line":7,"column":12},"end":{"line":7,"column":32}},{"start":{"line":7,"column":36},"end":{"line":7,"column":49}}],"line":7},"1":{"loc":{"start":{"line":12,"column":0},"end":{"line":16,"column":1}},"type":"if","locations":[{"start":{"line":12,"column":0},"end":{"line":16,"column":1}},{"start":{"line":14,"column":7},"end":{"line":16,"column":1}}],"line":12},"2":{"loc":{"start":{"line":21,"column":11},"end":{"line":21,"column":89}},"type":"binary-expr","locations":[{"start":{"line":21,"column":12},"end":{"line":21,"column":35}},{"start":{"line":21,"column":41},"end":{"line":21,"column":58}},{"start":{"line":21,"column":64},"end":{"line":21,"column":88}}],"line":21},"3":{"loc":{"start":{"line":29,"column":2},"end":{"line":31,"column":3}},"type":"if","locations":[{"start":{"line":29,"column":2},"end":{"line":31,"column":3}},{"start":{},"end":{}}],"line":29}},"s":{"0":1,"1":1,"2":1,"3":1,"4":1,"5":1,"6":1,"7":1,"8":0,"9":1,"10":1,"11":4,"12":3,"13":3,"14":1,"15":3,"16":3,"17":1,"18":1,"19":1},"f":{"0":4,"1":3,"2":3},"b":{"0":[1,0],"1":[0,1],"2":[4,4,3],"3":[3,0]},"_coverageSchema":"1a1c01bbd47fc00a2c39e90264f33305004495a9","hash":"9a0cc517f0b353828000ccb792ed42cb142b76e0"}
,"D:\\2 - Hacktiv8\\Phase 3\\wismaloka\\wismaloka\\server\\services\\app\\models\\spesification.js": {"path":"D:\\2 - Hacktiv8\\Phase 3\\wismaloka\\wismaloka\\server\\services\\app\\models\\spesification.js","statementMap":{"0":{"start":{"line":2,"column":18},"end":{"line":2,"column":38}},"1":{"start":{"line":3,"column":0},"end":{"line":88,"column":2}},"2":{"start":{"line":11,"column":6},"end":{"line":11,"column":71}},"3":{"start":{"line":14,"column":2},"end":{"line":86,"column":4}},"4":{"start":{"line":87,"column":2},"end":{"line":87,"column":23}}},"fnMap":{"0":{"name":"(anonymous_0)","decl":{"start":{"line":3,"column":17},"end":{"line":3,"column":18}},"loc":{"start":{"line":3,"column":43},"end":{"line":88,"column":1}},"line":3},"1":{"name":"(anonymous_1)","decl":{"start":{"line":10,"column":4},"end":{"line":10,"column":5}},"loc":{"start":{"line":10,"column":29},"end":{"line":12,"column":5}},"line":10}},"branchMap":{},"s":{"0":1,"1":1,"2":1,"3":1,"4":1},"f":{"0":1,"1":1},"b":{},"_coverageSchema":"1a1c01bbd47fc00a2c39e90264f33305004495a9","hash":"4f9798e1a3f07e1121e22fd1eb10f53a11a8d807"}
,"D:\\2 - Hacktiv8\\Phase 3\\wismaloka\\wismaloka\\server\\services\\app\\routes\\houseRoutes.js": {"path":"D:\\2 - Hacktiv8\\Phase 3\\wismaloka\\wismaloka\\server\\services\\app\\routes\\houseRoutes.js","statementMap":{"0":{"start":{"line":1,"column":20},"end":{"line":1,"column":47}},"1":{"start":{"line":2,"column":24},"end":{"line":2,"column":65}},"2":{"start":{"line":3,"column":15},"end":{"line":3,"column":32}},"3":{"start":{"line":4,"column":15},"end":{"line":4,"column":23}},"4":{"start":{"line":5,"column":21},"end":{"line":5,"column":59}},"5":{"start":{"line":6,"column":23},"end":{"line":6,"column":64}},"6":{"start":{"line":7,"column":22},"end":{"line":7,"column":57}},"7":{"start":{"line":9,"column":0},"end":{"line":9,"column":51}},"8":{"start":{"line":10,"column":0},"end":{"line":10,"column":65}},"9":{"start":{"line":11,"column":0},"end":{"line":17,"column":2}},"10":{"start":{"line":18,"column":0},"end":{"line":18,"column":54}},"11":{"start":{"line":19,"column":0},"end":{"line":26,"column":2}},"12":{"start":{"line":27,"column":0},"end":{"line":32,"column":2}},"13":{"start":{"line":34,"column":0},"end":{"line":34,"column":29}}},"fnMap":{},"branchMap":{},"s":{"0":1,"1":1,"2":1,"3":1,"4":1,"5":1,"6":1,"7":1,"8":1,"9":1,"10":1,"11":1,"12":1,"13":1},"f":{},"b":{},"_coverageSchema":"1a1c01bbd47fc00a2c39e90264f33305004495a9","hash":"b9257fef9d5511061b4d4ada1c1819169fd7237f"}
,"D:\\2 - Hacktiv8\\Phase 3\\wismaloka\\wismaloka\\server\\services\\app\\routes\\index.js": {"path":"D:\\2 - Hacktiv8\\Phase 3\\wismaloka\\wismaloka\\server\\services\\app\\routes\\index.js","statementMap":{"0":{"start":{"line":1,"column":15},"end":{"line":1,"column":42}},"1":{"start":{"line":2,"column":20},"end":{"line":2,"column":44}},"2":{"start":{"line":3,"column":19},"end":{"line":3,"column":42}},"3":{"start":{"line":5,"column":0},"end":{"line":5,"column":35}},"4":{"start":{"line":6,"column":0},"end":{"line":6,"column":33}},"5":{"start":{"line":8,"column":0},"end":{"line":8,"column":24}}},"fnMap":{},"branchMap":{},"s":{"0":1,"1":1,"2":1,"3":1,"4":1,"5":1},"f":{},"b":{},"_coverageSchema":"1a1c01bbd47fc00a2c39e90264f33305004495a9","hash":"f958431d824bf7765dad5ec3327a57a19fc90629"}
,"D:\\2 - Hacktiv8\\Phase 3\\wismaloka\\wismaloka\\server\\services\\app\\routes\\specRoutes.js": {"path":"D:\\2 - Hacktiv8\\Phase 3\\wismaloka\\wismaloka\\server\\services\\app\\routes\\specRoutes.js","statementMap":{"0":{"start":{"line":1,"column":27},"end":{"line":1,"column":54}},"1":{"start":{"line":2,"column":23},"end":{"line":2,"column":63}},"2":{"start":{"line":4,"column":0},"end":{"line":4,"column":56}},"3":{"start":{"line":6,"column":0},"end":{"line":6,"column":36}}},"fnMap":{},"branchMap":{},"s":{"0":1,"1":1,"2":1,"3":1},"f":{},"b":{},"_coverageSchema":"1a1c01bbd47fc00a2c39e90264f33305004495a9","hash":"a84c272abd1b99c449dcb40383b21cac011f0207"}
}
