TN:
SF:app.js
FNF:0
FNH:0
DA:1,1
DA:2,1
DA:4,1
DA:5,1
DA:6,1
DA:7,1
DA:8,1
DA:10,1
DA:11,1
DA:12,1
DA:13,1
DA:15,1
DA:19,1
LF:13
LH:13
BRDA:1,0,0,1
BRDA:1,0,1,0
BRF:2
BRH:1
end_of_record
TN:
SF:controllers\houseController.js
FN:3,(anonymous_0)
FN:29,(anonymous_1)
FN:46,(anonymous_2)
FN:87,(anonymous_3)
FN:109,(anonymous_4)
FN:154,(anonymous_5)
FN:187,(anonymous_6)
FN:204,(anonymous_7)
FN:231,(anonymous_8)
FN:245,(anonymous_9)
FNF:10
FNH:8
FNDA:3,(anonymous_0)
FNDA:2,(anonymous_1)
FNDA:9,(anonymous_2)
FNDA:3,(anonymous_3)
FNDA:3,(anonymous_4)
FNDA:2,(anonymous_5)
FNDA:4,(anonymous_6)
FNDA:1,(anonymous_7)
FNDA:0,(anonymous_8)
FNDA:0,(anonymous_9)
DA:1,1
DA:4,3
DA:5,3
DA:7,3
DA:8,1
DA:13,2
DA:17,3
DA:18,3
DA:19,1
DA:24,2
DA:26,1
DA:30,2
DA:31,2
DA:35,2
DA:36,1
DA:41,1
DA:43,1
DA:47,9
DA:48,9
DA:63,9
DA:65,9
DA:67,9
DA:68,9
DA:82,3
DA:83,3
DA:86,3
DA:87,3
DA:88,3
DA:100,3
DA:101,3
DA:102,3
DA:104,6
DA:105,6
DA:106,6
DA:110,3
DA:125,3
DA:126,3
DA:127,3
DA:139,3
DA:145,3
DA:146,1
DA:151,2
DA:153,2
DA:154,2
DA:155,2
DA:159,2
DA:163,2
DA:175,1
DA:176,1
DA:178,1
DA:183,2
DA:184,2
DA:188,4
DA:189,4
DA:190,4
DA:191,4
DA:192,1
DA:197,3
DA:198,3
DA:200,1
DA:205,1
DA:206,1
DA:208,1
DA:220,1
DA:221,1
DA:229,1
DA:231,1
DA:232,0
DA:243,1
DA:245,0
DA:249,0
DA:256,0
DA:257,0
DA:258,0
DA:259,0
DA:260,0
DA:263,0
DA:265,1
DA:269,1
LF:79
LH:70
BRDA:7,0,0,1
BRDA:7,0,1,2
BRDA:18,1,0,1
BRDA:18,1,1,2
BRDA:35,2,0,1
BRDA:35,2,1,1
BRDA:145,3,0,1
BRDA:145,3,1,2
BRDA:191,4,0,1
BRDA:191,4,1,3
BRDA:256,5,0,0
BRDA:256,5,1,0
BRF:12
BRH:10
end_of_record
TN:
SF:controllers\specController.js
FN:4,(anonymous_0)
FNF:1
FNH:1
FNDA:2,(anonymous_0)
DA:1,1
DA:5,2
DA:6,2
DA:7,2
DA:8,1
DA:13,1
DA:16,1
DA:20,1
LF:8
LH:8
BRDA:7,0,0,1
BRDA:7,0,1,1
BRF:2
BRH:2
end_of_record
TN:
SF:middlewares\authorize.js
FN:3,(anonymous_0)
FNF:1
FNH:1
FNDA:8,(anonymous_0)
DA:1,1
DA:3,1
DA:4,8
DA:5,8
DA:6,8
DA:8,8
DA:9,6
DA:11,2
DA:12,1
DA:14,1
DA:20,1
DA:24,1
LF:12
LH:12
BRDA:8,0,0,6
BRDA:8,0,1,2
BRDA:11,1,0,1
BRDA:11,1,1,1
BRF:4
BRH:4
end_of_record
TN:
SF:middlewares\errorHandler.js
FN:1,(anonymous_0)
FN:6,(anonymous_1)
FNF:2
FNH:2
FNDA:19,(anonymous_0)
FNDA:12,(anonymous_1)
DA:1,1
DA:2,19
DA:3,19
DA:6,12
DA:7,7
DA:8,7
DA:9,7
DA:14,3
DA:17,3
DA:19,1
DA:22,1
DA:25,5
DA:28,5
DA:30,1
DA:33,1
DA:35,2
DA:39,1
LF:17
LH:17
BRDA:3,0,0,7
BRDA:3,0,1,7
BRDA:3,0,2,3
BRDA:3,0,3,3
BRDA:3,0,4,3
BRDA:3,0,5,3
BRDA:3,0,6,1
BRDA:3,0,7,5
BRDA:3,0,8,5
BRDA:3,0,9,1
BRDA:3,0,10,2
BRF:11
BRH:11
end_of_record
TN:
SF:middlewares\multer.js
FN:4,imageKit
FNF:1
FNH:1
FNDA:12,imageKit
DA:1,1
DA:2,1
DA:6,12
DA:7,12
DA:8,12
DA:9,12
DA:10,12
DA:11,12
DA:23,1
LF:9
LH:9
BRF:0
BRH:0
end_of_record
TN:
SF:middlewares\uploadImages.js
FN:3,uploadImages
FNF:1
FNH:1
FNDA:13,uploadImages
DA:1,1
DA:5,13
DA:7,13
DA:9,13
DA:10,12
DA:11,12
DA:12,12
DA:16,12
DA:18,13
DA:20,1
DA:21,1
DA:26,12
DA:27,12
DA:29,1
DA:30,1
DA:34,1
LF:16
LH:16
BRDA:18,0,0,1
BRDA:18,0,1,12
BRF:2
BRH:2
end_of_record
TN:
SF:models\house.js
FN:3,(anonymous_0)
FN:10,(anonymous_1)
FNF:2
FNH:2
FNDA:1,(anonymous_0)
FNDA:1,(anonymous_1)
DA:2,1
DA:3,1
DA:11,1
DA:12,1
DA:15,1
DA:114,1
LF:6
LH:6
BRF:0
BRH:0
end_of_record
TN:
SF:models\image.js
FN:3,(anonymous_0)
FN:10,(anonymous_1)
FNF:2
FNH:2
FNDA:1,(anonymous_0)
FNDA:1,(anonymous_1)
DA:2,1
DA:3,1
DA:11,1
DA:14,1
DA:37,1
LF:5
LH:5
BRF:0
BRH:0
end_of_record
TN:
SF:models\index.js
FN:20,(anonymous_0)
FN:23,(anonymous_1)
FN:28,(anonymous_2)
FNF:3
FNH:3
FNDA:4,(anonymous_0)
FNDA:3,(anonymous_1)
FNDA:3,(anonymous_2)
DA:3,1
DA:4,1
DA:5,1
DA:6,1
DA:7,1
DA:8,1
DA:9,1
DA:12,1
DA:13,0
DA:15,1
DA:18,1
DA:21,4
DA:24,3
DA:25,3
DA:28,1
DA:29,3
DA:30,3
DA:34,1
DA:35,1
DA:37,1
LF:20
LH:19
BRDA:7,0,0,1
BRDA:7,0,1,0
BRDA:12,1,0,0
BRDA:12,1,1,1
BRDA:21,2,0,4
BRDA:21,2,1,4
BRDA:21,2,2,3
BRDA:29,3,0,3
BRDA:29,3,1,0
BRF:9
BRH:6
end_of_record
TN:
SF:models\spesification.js
FN:3,(anonymous_0)
FN:10,(anonymous_1)
FNF:2
FNH:2
FNDA:1,(anonymous_0)
FNDA:1,(anonymous_1)
DA:2,1
DA:3,1
DA:11,1
DA:14,1
DA:87,1
LF:5
LH:5
BRF:0
BRH:0
end_of_record
TN:
SF:routes\houseRoutes.js
FNF:0
FNH:0
DA:1,1
DA:2,1
DA:3,1
DA:4,1
DA:5,1
DA:6,1
DA:7,1
DA:9,1
DA:10,1
DA:11,1
DA:18,1
DA:19,1
DA:27,1
DA:34,1
LF:14
LH:14
BRF:0
BRH:0
end_of_record
TN:
SF:routes\index.js
FNF:0
FNH:0
DA:1,1
DA:2,1
DA:3,1
DA:5,1
DA:6,1
DA:8,1
LF:6
LH:6
BRF:0
BRH:0
end_of_record
TN:
SF:routes\specRoutes.js
FNF:0
FNH:0
DA:1,1
DA:2,1
DA:4,1
DA:6,1
LF:4
LH:4
BRF:0
BRH:0
end_of_record
